{"/Users/quinortiz/Documents/DebateAI/backend/src/lib/debateLogic.js": {"path":"/Users/quinortiz/Documents/DebateAI/backend/src/lib/debateLogic.js","statementMap":{"0":{"start":{"line":6,"column":21},"end":{"line":23,"column":1}},"1":{"start":{"line":7,"column":2},"end":{"line":10,"column":3}},"2":{"start":{"line":8,"column":4},"end":{"line":8,"column":49}},"3":{"start":{"line":9,"column":4},"end":{"line":9,"column":11}},"4":{"start":{"line":12,"column":2},"end":{"line":22,"column":5}},"5":{"start":{"line":14,"column":61},"end":{"line":18,"column":5}},"6":{"start":{"line":26,"column":29},"end":{"line":43,"column":1}},"7":{"start":{"line":27,"column":2},"end":{"line":34,"column":3}},"8":{"start":{"line":28,"column":4},"end":{"line":32,"column":6}},"9":{"start":{"line":33,"column":4},"end":{"line":33,"column":55}},"10":{"start":{"line":37,"column":2},"end":{"line":40,"column":3}},"11":{"start":{"line":38,"column":4},"end":{"line":38,"column":69}},"12":{"start":{"line":39,"column":4},"end":{"line":39,"column":44}},"13":{"start":{"line":42,"column":2},"end":{"line":42,"column":31}},"14":{"start":{"line":47,"column":32},"end":{"line":72,"column":1}},"15":{"start":{"line":48,"column":15},"end":{"line":48,"column":36}},"16":{"start":{"line":51,"column":2},"end":{"line":54,"column":3}},"17":{"start":{"line":52,"column":4},"end":{"line":52,"column":33}},"18":{"start":{"line":53,"column":4},"end":{"line":53,"column":26}},"19":{"start":{"line":57,"column":2},"end":{"line":65,"column":3}},"20":{"start":{"line":59,"column":4},"end":{"line":64,"column":5}},"21":{"start":{"line":60,"column":8},"end":{"line":60,"column":53}},"22":{"start":{"line":61,"column":8},"end":{"line":61,"column":80}},"23":{"start":{"line":63,"column":8},"end":{"line":63,"column":92}},"24":{"start":{"line":68,"column":2},"end":{"line":71,"column":3}},"25":{"start":{"line":69,"column":4},"end":{"line":69,"column":33}},"26":{"start":{"line":70,"column":4},"end":{"line":70,"column":50}},"27":{"start":{"line":75,"column":26},"end":{"line":155,"column":1}},"28":{"start":{"line":76,"column":21},"end":{"line":76,"column":42}},"29":{"start":{"line":78,"column":2},"end":{"line":154,"column":3}},"30":{"start":{"line":79,"column":4},"end":{"line":79,"column":86}},"31":{"start":{"line":80,"column":46},"end":{"line":84,"column":26}},"32":{"start":{"line":86,"column":4},"end":{"line":89,"column":5}},"33":{"start":{"line":87,"column":6},"end":{"line":87,"column":78}},"34":{"start":{"line":88,"column":6},"end":{"line":88,"column":18}},"35":{"start":{"line":91,"column":4},"end":{"line":91,"column":92}},"36":{"start":{"line":94,"column":29},"end":{"line":94,"column":31}},"37":{"start":{"line":95,"column":4},"end":{"line":99,"column":7}},"38":{"start":{"line":96,"column":6},"end":{"line":98,"column":7}},"39":{"start":{"line":97,"column":8},"end":{"line":97,"column":45}},"40":{"start":{"line":102,"column":27},"end":{"line":102,"column":61}},"41":{"start":{"line":102,"column":52},"end":{"line":102,"column":60}},"42":{"start":{"line":103,"column":25},"end":{"line":103,"column":73}},"43":{"start":{"line":103,"column":51},"end":{"line":103,"column":72}},"44":{"start":{"line":105,"column":4},"end":{"line":105,"column":78}},"45":{"start":{"line":106,"column":4},"end":{"line":106,"column":74}},"46":{"start":{"line":109,"column":4},"end":{"line":142,"column":5}},"47":{"start":{"line":110,"column":6},"end":{"line":110,"column":90}},"48":{"start":{"line":113,"column":6},"end":{"line":113,"column":28}},"49":{"start":{"line":114,"column":6},"end":{"line":114,"column":58}},"50":{"start":{"line":115,"column":6},"end":{"line":115,"column":58}},"51":{"start":{"line":118,"column":22},"end":{"line":129,"column":7}},"52":{"start":{"line":131,"column":6},"end":{"line":138,"column":7}},"53":{"start":{"line":132,"column":8},"end":{"line":137,"column":31}},"54":{"start":{"line":140,"column":6},"end":{"line":140,"column":66}},"55":{"start":{"line":141,"column":6},"end":{"line":141,"column":42}},"56":{"start":{"line":144,"column":4},"end":{"line":144,"column":16}},"57":{"start":{"line":146,"column":4},"end":{"line":146,"column":52}},"58":{"start":{"line":149,"column":4},"end":{"line":149,"column":26}},"59":{"start":{"line":150,"column":4},"end":{"line":150,"column":56}},"60":{"start":{"line":151,"column":4},"end":{"line":151,"column":56}},"61":{"start":{"line":153,"column":4},"end":{"line":153,"column":16}},"62":{"start":{"line":158,"column":29},"end":{"line":289,"column":1}},"63":{"start":{"line":159,"column":2},"end":{"line":159,"column":75}},"64":{"start":{"line":162,"column":21},"end":{"line":162,"column":42}},"65":{"start":{"line":164,"column":2},"end":{"line":167,"column":3}},"66":{"start":{"line":165,"column":4},"end":{"line":165,"column":71}},"67":{"start":{"line":166,"column":4},"end":{"line":166,"column":11}},"68":{"start":{"line":169,"column":2},"end":{"line":172,"column":3}},"69":{"start":{"line":170,"column":4},"end":{"line":170,"column":111}},"70":{"start":{"line":171,"column":4},"end":{"line":171,"column":11}},"71":{"start":{"line":175,"column":2},"end":{"line":178,"column":3}},"72":{"start":{"line":176,"column":4},"end":{"line":176,"column":90}},"73":{"start":{"line":177,"column":4},"end":{"line":177,"column":11}},"74":{"start":{"line":181,"column":2},"end":{"line":181,"column":35}},"75":{"start":{"line":183,"column":2},"end":{"line":288,"column":3}},"76":{"start":{"line":185,"column":4},"end":{"line":195,"column":5}},"77":{"start":{"line":186,"column":6},"end":{"line":186,"column":95}},"78":{"start":{"line":187,"column":6},"end":{"line":192,"column":8}},"79":{"start":{"line":194,"column":6},"end":{"line":194,"column":30}},"80":{"start":{"line":198,"column":24},"end":{"line":198,"column":39}},"81":{"start":{"line":199,"column":28},"end":{"line":199,"column":70}},"82":{"start":{"line":201,"column":4},"end":{"line":201,"column":97}},"83":{"start":{"line":202,"column":4},"end":{"line":202,"column":105}},"84":{"start":{"line":203,"column":4},"end":{"line":203,"column":118}},"85":{"start":{"line":206,"column":4},"end":{"line":209,"column":5}},"86":{"start":{"line":207,"column":6},"end":{"line":207,"column":66}},"87":{"start":{"line":208,"column":6},"end":{"line":208,"column":77}},"88":{"start":{"line":212,"column":4},"end":{"line":212,"column":116}},"89":{"start":{"line":215,"column":4},"end":{"line":215,"column":49}},"90":{"start":{"line":216,"column":24},"end":{"line":216,"column":66}},"91":{"start":{"line":217,"column":4},"end":{"line":217,"column":71}},"92":{"start":{"line":220,"column":4},"end":{"line":255,"column":5}},"93":{"start":{"line":222,"column":6},"end":{"line":222,"column":154}},"94":{"start":{"line":223,"column":6},"end":{"line":223,"column":110}},"95":{"start":{"line":226,"column":6},"end":{"line":229,"column":7}},"96":{"start":{"line":227,"column":8},"end":{"line":227,"column":43}},"97":{"start":{"line":228,"column":8},"end":{"line":228,"column":36}},"98":{"start":{"line":232,"column":6},"end":{"line":232,"column":37}},"99":{"start":{"line":235,"column":6},"end":{"line":237,"column":9}},"100":{"start":{"line":240,"column":6},"end":{"line":251,"column":7}},"101":{"start":{"line":241,"column":26},"end":{"line":244,"column":29}},"102":{"start":{"line":246,"column":8},"end":{"line":248,"column":9}},"103":{"start":{"line":247,"column":10},"end":{"line":247,"column":92}},"104":{"start":{"line":250,"column":8},"end":{"line":250,"column":90}},"105":{"start":{"line":253,"column":6},"end":{"line":253,"column":40}},"106":{"start":{"line":254,"column":6},"end":{"line":254,"column":13}},"107":{"start":{"line":258,"column":20},"end":{"line":258,"column":72}},"108":{"start":{"line":259,"column":4},"end":{"line":259,"column":96}},"109":{"start":{"line":262,"column":4},"end":{"line":262,"column":30}},"110":{"start":{"line":265,"column":4},"end":{"line":265,"column":88}},"111":{"start":{"line":266,"column":4},"end":{"line":269,"column":7}},"112":{"start":{"line":272,"column":4},"end":{"line":275,"column":5}},"113":{"start":{"line":273,"column":6},"end":{"line":273,"column":41}},"114":{"start":{"line":274,"column":6},"end":{"line":274,"column":34}},"115":{"start":{"line":278,"column":4},"end":{"line":278,"column":73}},"116":{"start":{"line":279,"column":4},"end":{"line":282,"column":14}},"117":{"start":{"line":281,"column":6},"end":{"line":281,"column":64}},"118":{"start":{"line":284,"column":4},"end":{"line":284,"column":76}},"119":{"start":{"line":287,"column":4},"end":{"line":287,"column":38}},"120":{"start":{"line":293,"column":34},"end":{"line":340,"column":1}},"121":{"start":{"line":294,"column":21},"end":{"line":294,"column":42}},"122":{"start":{"line":296,"column":2},"end":{"line":296,"column":60}},"123":{"start":{"line":299,"column":2},"end":{"line":302,"column":3}},"124":{"start":{"line":300,"column":4},"end":{"line":300,"column":39}},"125":{"start":{"line":301,"column":4},"end":{"line":301,"column":32}},"126":{"start":{"line":308,"column":2},"end":{"line":317,"column":4}},"127":{"start":{"line":320,"column":2},"end":{"line":320,"column":26}},"128":{"start":{"line":321,"column":2},"end":{"line":321,"column":33}},"129":{"start":{"line":323,"column":2},"end":{"line":323,"column":66}},"130":{"start":{"line":324,"column":2},"end":{"line":324,"column":96}},"131":{"start":{"line":327,"column":2},"end":{"line":330,"column":12}},"132":{"start":{"line":329,"column":4},"end":{"line":329,"column":62}},"133":{"start":{"line":333,"column":2},"end":{"line":336,"column":5}},"134":{"start":{"line":338,"column":2},"end":{"line":338,"column":89}},"135":{"start":{"line":339,"column":2},"end":{"line":339,"column":62}},"136":{"start":{"line":343,"column":0},"end":{"line":350,"column":2}}},"fnMap":{"0":{"name":"(anonymous_0)","decl":{"start":{"line":6,"column":21},"end":{"line":6,"column":22}},"loc":{"start":{"line":6,"column":46},"end":{"line":23,"column":1}},"line":6},"1":{"name":"(anonymous_1)","decl":{"start":{"line":14,"column":55},"end":{"line":14,"column":56}},"loc":{"start":{"line":14,"column":61},"end":{"line":18,"column":5}},"line":14},"2":{"name":"(anonymous_2)","decl":{"start":{"line":26,"column":29},"end":{"line":26,"column":30}},"loc":{"start":{"line":26,"column":56},"end":{"line":43,"column":1}},"line":26},"3":{"name":"(anonymous_3)","decl":{"start":{"line":47,"column":32},"end":{"line":47,"column":33}},"loc":{"start":{"line":47,"column":87},"end":{"line":72,"column":1}},"line":47},"4":{"name":"(anonymous_4)","decl":{"start":{"line":75,"column":26},"end":{"line":75,"column":27}},"loc":{"start":{"line":75,"column":86},"end":{"line":155,"column":1}},"line":75},"5":{"name":"(anonymous_5)","decl":{"start":{"line":95,"column":29},"end":{"line":95,"column":30}},"loc":{"start":{"line":95,"column":34},"end":{"line":99,"column":5}},"line":95},"6":{"name":"(anonymous_6)","decl":{"start":{"line":102,"column":47},"end":{"line":102,"column":48}},"loc":{"start":{"line":102,"column":52},"end":{"line":102,"column":60}},"line":102},"7":{"name":"(anonymous_7)","decl":{"start":{"line":103,"column":45},"end":{"line":103,"column":46}},"loc":{"start":{"line":103,"column":51},"end":{"line":103,"column":72}},"line":103},"8":{"name":"(anonymous_8)","decl":{"start":{"line":158,"column":29},"end":{"line":158,"column":30}},"loc":{"start":{"line":158,"column":76},"end":{"line":289,"column":1}},"line":158},"9":{"name":"(anonymous_9)","decl":{"start":{"line":279,"column":38},"end":{"line":279,"column":39}},"loc":{"start":{"line":279,"column":44},"end":{"line":282,"column":5}},"line":279},"10":{"name":"(anonymous_10)","decl":{"start":{"line":293,"column":34},"end":{"line":293,"column":35}},"loc":{"start":{"line":293,"column":92},"end":{"line":340,"column":1}},"line":293},"11":{"name":"(anonymous_11)","decl":{"start":{"line":327,"column":36},"end":{"line":327,"column":37}},"loc":{"start":{"line":327,"column":42},"end":{"line":330,"column":3}},"line":327}},"branchMap":{"0":{"loc":{"start":{"line":7,"column":2},"end":{"line":10,"column":3}},"type":"if","locations":[{"start":{"line":7,"column":2},"end":{"line":10,"column":3}},{"start":{},"end":{}}],"line":7},"1":{"loc":{"start":{"line":19,"column":12},"end":{"line":19,"column":51}},"type":"binary-expr","locations":[{"start":{"line":19,"column":12},"end":{"line":19,"column":38}},{"start":{"line":19,"column":42},"end":{"line":19,"column":51}}],"line":19},"2":{"loc":{"start":{"line":20,"column":11},"end":{"line":20,"column":42}},"type":"binary-expr","locations":[{"start":{"line":20,"column":11},"end":{"line":20,"column":36}},{"start":{"line":20,"column":40},"end":{"line":20,"column":42}}],"line":20},"3":{"loc":{"start":{"line":21,"column":10},"end":{"line":21,"column":42}},"type":"binary-expr","locations":[{"start":{"line":21,"column":10},"end":{"line":21,"column":34}},{"start":{"line":21,"column":38},"end":{"line":21,"column":42}}],"line":21},"4":{"loc":{"start":{"line":27,"column":2},"end":{"line":34,"column":3}},"type":"if","locations":[{"start":{"line":27,"column":2},"end":{"line":34,"column":3}},{"start":{},"end":{}}],"line":27},"5":{"loc":{"start":{"line":37,"column":2},"end":{"line":40,"column":3}},"type":"if","locations":[{"start":{"line":37,"column":2},"end":{"line":40,"column":3}},{"start":{},"end":{}}],"line":37},"6":{"loc":{"start":{"line":37,"column":6},"end":{"line":37,"column":95}},"type":"binary-expr","locations":[{"start":{"line":37,"column":6},"end":{"line":37,"column":41}},{"start":{"line":37,"column":45},"end":{"line":37,"column":95}}],"line":37},"7":{"loc":{"start":{"line":51,"column":2},"end":{"line":54,"column":3}},"type":"if","locations":[{"start":{"line":51,"column":2},"end":{"line":54,"column":3}},{"start":{},"end":{}}],"line":51},"8":{"loc":{"start":{"line":51,"column":6},"end":{"line":51,"column":28}},"type":"binary-expr","locations":[{"start":{"line":51,"column":6},"end":{"line":51,"column":10}},{"start":{"line":51,"column":14},"end":{"line":51,"column":28}}],"line":51},"9":{"loc":{"start":{"line":57,"column":2},"end":{"line":65,"column":3}},"type":"if","locations":[{"start":{"line":57,"column":2},"end":{"line":65,"column":3}},{"start":{},"end":{}}],"line":57},"10":{"loc":{"start":{"line":57,"column":6},"end":{"line":57,"column":43}},"type":"binary-expr","locations":[{"start":{"line":57,"column":6},"end":{"line":57,"column":10}},{"start":{"line":57,"column":14},"end":{"line":57,"column":43}}],"line":57},"11":{"loc":{"start":{"line":59,"column":4},"end":{"line":64,"column":5}},"type":"if","locations":[{"start":{"line":59,"column":4},"end":{"line":64,"column":5}},{"start":{"line":62,"column":11},"end":{"line":64,"column":5}}],"line":59},"12":{"loc":{"start":{"line":59,"column":8},"end":{"line":59,"column":86}},"type":"binary-expr","locations":[{"start":{"line":59,"column":8},"end":{"line":59,"column":34}},{"start":{"line":59,"column":38},"end":{"line":59,"column":86}}],"line":59},"13":{"loc":{"start":{"line":68,"column":2},"end":{"line":71,"column":3}},"type":"if","locations":[{"start":{"line":68,"column":2},"end":{"line":71,"column":3}},{"start":{},"end":{}}],"line":68},"14":{"loc":{"start":{"line":68,"column":6},"end":{"line":68,"column":44}},"type":"binary-expr","locations":[{"start":{"line":68,"column":6},"end":{"line":68,"column":10}},{"start":{"line":68,"column":14},"end":{"line":68,"column":44}}],"line":68},"15":{"loc":{"start":{"line":86,"column":4},"end":{"line":89,"column":5}},"type":"if","locations":[{"start":{"line":86,"column":4},"end":{"line":89,"column":5}},{"start":{},"end":{}}],"line":86},"16":{"loc":{"start":{"line":96,"column":6},"end":{"line":98,"column":7}},"type":"if","locations":[{"start":{"line":96,"column":6},"end":{"line":98,"column":7}},{"start":{},"end":{}}],"line":96},"17":{"loc":{"start":{"line":109,"column":4},"end":{"line":142,"column":5}},"type":"if","locations":[{"start":{"line":109,"column":4},"end":{"line":142,"column":5}},{"start":{"line":139,"column":11},"end":{"line":142,"column":5}}],"line":109},"18":{"loc":{"start":{"line":109,"column":8},"end":{"line":109,"column":64}},"type":"binary-expr","locations":[{"start":{"line":109,"column":8},"end":{"line":109,"column":48}},{"start":{"line":109,"column":52},"end":{"line":109,"column":64}}],"line":109},"19":{"loc":{"start":{"line":164,"column":2},"end":{"line":167,"column":3}},"type":"if","locations":[{"start":{"line":164,"column":2},"end":{"line":167,"column":3}},{"start":{},"end":{}}],"line":164},"20":{"loc":{"start":{"line":169,"column":2},"end":{"line":172,"column":3}},"type":"if","locations":[{"start":{"line":169,"column":2},"end":{"line":172,"column":3}},{"start":{},"end":{}}],"line":169},"21":{"loc":{"start":{"line":175,"column":2},"end":{"line":178,"column":3}},"type":"if","locations":[{"start":{"line":175,"column":2},"end":{"line":178,"column":3}},{"start":{},"end":{}}],"line":175},"22":{"loc":{"start":{"line":185,"column":4},"end":{"line":195,"column":5}},"type":"if","locations":[{"start":{"line":185,"column":4},"end":{"line":195,"column":5}},{"start":{},"end":{}}],"line":185},"23":{"loc":{"start":{"line":203,"column":52},"end":{"line":203,"column":114}},"type":"binary-expr","locations":[{"start":{"line":203,"column":52},"end":{"line":203,"column":104}},{"start":{"line":203,"column":108},"end":{"line":203,"column":114}}],"line":203},"24":{"loc":{"start":{"line":206,"column":4},"end":{"line":209,"column":5}},"type":"if","locations":[{"start":{"line":206,"column":4},"end":{"line":209,"column":5}},{"start":{},"end":{}}],"line":206},"25":{"loc":{"start":{"line":220,"column":4},"end":{"line":255,"column":5}},"type":"if","locations":[{"start":{"line":220,"column":4},"end":{"line":255,"column":5}},{"start":{},"end":{}}],"line":220},"26":{"loc":{"start":{"line":226,"column":6},"end":{"line":229,"column":7}},"type":"if","locations":[{"start":{"line":226,"column":6},"end":{"line":229,"column":7}},{"start":{},"end":{}}],"line":226},"27":{"loc":{"start":{"line":246,"column":8},"end":{"line":248,"column":9}},"type":"if","locations":[{"start":{"line":246,"column":8},"end":{"line":248,"column":9}},{"start":{},"end":{}}],"line":246},"28":{"loc":{"start":{"line":272,"column":4},"end":{"line":275,"column":5}},"type":"if","locations":[{"start":{"line":272,"column":4},"end":{"line":275,"column":5}},{"start":{},"end":{}}],"line":272},"29":{"loc":{"start":{"line":299,"column":2},"end":{"line":302,"column":3}},"type":"if","locations":[{"start":{"line":299,"column":2},"end":{"line":302,"column":3}},{"start":{},"end":{}}],"line":299}},"s":{"0":0,"1":0,"2":0,"3":0,"4":0,"5":0,"6":0,"7":0,"8":0,"9":0,"10":0,"11":0,"12":0,"13":0,"14":0,"15":0,"16":0,"17":0,"18":0,"19":0,"20":0,"21":0,"22":0,"23":0,"24":0,"25":0,"26":0,"27":0,"28":0,"29":0,"30":0,"31":0,"32":0,"33":0,"34":0,"35":0,"36":0,"37":0,"38":0,"39":0,"40":0,"41":0,"42":0,"43":0,"44":0,"45":0,"46":0,"47":0,"48":0,"49":0,"50":0,"51":0,"52":0,"53":0,"54":0,"55":0,"56":0,"57":0,"58":0,"59":0,"60":0,"61":0,"62":0,"63":0,"64":0,"65":0,"66":0,"67":0,"68":0,"69":0,"70":0,"71":0,"72":0,"73":0,"74":0,"75":0,"76":0,"77":0,"78":0,"79":0,"80":0,"81":0,"82":0,"83":0,"84":0,"85":0,"86":0,"87":0,"88":0,"89":0,"90":0,"91":0,"92":0,"93":0,"94":0,"95":0,"96":0,"97":0,"98":0,"99":0,"100":0,"101":0,"102":0,"103":0,"104":0,"105":0,"106":0,"107":0,"108":0,"109":0,"110":0,"111":0,"112":0,"113":0,"114":0,"115":0,"116":0,"117":0,"118":0,"119":0,"120":0,"121":0,"122":0,"123":0,"124":0,"125":0,"126":0,"127":0,"128":0,"129":0,"130":0,"131":0,"132":0,"133":0,"134":0,"135":0,"136":0},"f":{"0":0,"1":0,"2":0,"3":0,"4":0,"5":0,"6":0,"7":0,"8":0,"9":0,"10":0,"11":0},"b":{"0":[0,0],"1":[0,0],"2":[0,0],"3":[0,0],"4":[0,0],"5":[0,0],"6":[0,0],"7":[0,0],"8":[0,0],"9":[0,0],"10":[0,0],"11":[0,0],"12":[0,0],"13":[0,0],"14":[0,0],"15":[0,0],"16":[0,0],"17":[0,0],"18":[0,0],"19":[0,0],"20":[0,0],"21":[0,0],"22":[0,0],"23":[0,0],"24":[0,0],"25":[0,0],"26":[0,0],"27":[0,0],"28":[0,0],"29":[0,0]}}
,"/Users/quinortiz/Documents/DebateAI/backend/src/routes/aiGrading.js": {"path":"/Users/quinortiz/Documents/DebateAI/backend/src/routes/aiGrading.js","statementMap":{"0":{"start":{"line":1,"column":16},"end":{"line":1,"column":34}},"1":{"start":{"line":2,"column":15},"end":{"line":2,"column":31}},"2":{"start":{"line":3,"column":25},"end":{"line":3,"column":64}},"3":{"start":{"line":10,"column":0},"end":{"line":63,"column":3}},"4":{"start":{"line":11,"column":4},"end":{"line":62,"column":5}},"5":{"start":{"line":12,"column":29},"end":{"line":12,"column":39}},"6":{"start":{"line":15,"column":40},"end":{"line":19,"column":21}},"7":{"start":{"line":21,"column":8},"end":{"line":21,"column":31}},"8":{"start":{"line":21,"column":19},"end":{"line":21,"column":31}},"9":{"start":{"line":23,"column":8},"end":{"line":28,"column":9}},"10":{"start":{"line":24,"column":12},"end":{"line":27,"column":15}},"11":{"start":{"line":31,"column":21},"end":{"line":31,"column":25}},"12":{"start":{"line":32,"column":8},"end":{"line":47,"column":9}},"13":{"start":{"line":33,"column":69},"end":{"line":36,"column":40}},"14":{"start":{"line":38,"column":12},"end":{"line":46,"column":13}},"15":{"start":{"line":39,"column":16},"end":{"line":45,"column":23}},"16":{"start":{"line":40,"column":20},"end":{"line":43,"column":22}},"17":{"start":{"line":44,"column":20},"end":{"line":44,"column":31}},"18":{"start":{"line":49,"column":8},"end":{"line":55,"column":11}},"19":{"start":{"line":57,"column":8},"end":{"line":57,"column":62}},"20":{"start":{"line":58,"column":8},"end":{"line":61,"column":11}},"21":{"start":{"line":70,"column":0},"end":{"line":146,"column":3}},"22":{"start":{"line":71,"column":4},"end":{"line":145,"column":5}},"23":{"start":{"line":72,"column":29},"end":{"line":72,"column":39}},"24":{"start":{"line":73,"column":8},"end":{"line":73,"column":78}},"25":{"start":{"line":76,"column":53},"end":{"line":80,"column":21}},"26":{"start":{"line":82,"column":8},"end":{"line":85,"column":9}},"27":{"start":{"line":83,"column":12},"end":{"line":83,"column":81}},"28":{"start":{"line":84,"column":12},"end":{"line":84,"column":30}},"29":{"start":{"line":87,"column":8},"end":{"line":93,"column":9}},"30":{"start":{"line":88,"column":12},"end":{"line":88,"column":71}},"31":{"start":{"line":89,"column":12},"end":{"line":92,"column":15}},"32":{"start":{"line":95,"column":8},"end":{"line":98,"column":11}},"33":{"start":{"line":101,"column":8},"end":{"line":107,"column":9}},"34":{"start":{"line":102,"column":12},"end":{"line":102,"column":75}},"35":{"start":{"line":103,"column":12},"end":{"line":106,"column":15}},"36":{"start":{"line":110,"column":8},"end":{"line":116,"column":9}},"37":{"start":{"line":111,"column":12},"end":{"line":111,"column":111}},"38":{"start":{"line":112,"column":12},"end":{"line":115,"column":15}},"39":{"start":{"line":118,"column":8},"end":{"line":118,"column":67}},"40":{"start":{"line":121,"column":8},"end":{"line":131,"column":15}},"41":{"start":{"line":123,"column":16},"end":{"line":123,"column":83}},"42":{"start":{"line":125,"column":16},"end":{"line":130,"column":126}},"43":{"start":{"line":129,"column":32},"end":{"line":129,"column":99}},"44":{"start":{"line":130,"column":42},"end":{"line":130,"column":124}},"45":{"start":{"line":133,"column":8},"end":{"line":133,"column":57}},"46":{"start":{"line":134,"column":8},"end":{"line":138,"column":11}},"47":{"start":{"line":140,"column":8},"end":{"line":140,"column":78}},"48":{"start":{"line":141,"column":8},"end":{"line":144,"column":11}},"49":{"start":{"line":153,"column":0},"end":{"line":210,"column":3}},"50":{"start":{"line":154,"column":4},"end":{"line":209,"column":5}},"51":{"start":{"line":155,"column":29},"end":{"line":155,"column":39}},"52":{"start":{"line":156,"column":8},"end":{"line":156,"column":96}},"53":{"start":{"line":159,"column":53},"end":{"line":163,"column":21}},"54":{"start":{"line":165,"column":8},"end":{"line":168,"column":9}},"55":{"start":{"line":166,"column":12},"end":{"line":166,"column":81}},"56":{"start":{"line":167,"column":12},"end":{"line":167,"column":30}},"57":{"start":{"line":170,"column":8},"end":{"line":175,"column":9}},"58":{"start":{"line":171,"column":12},"end":{"line":174,"column":15}},"59":{"start":{"line":177,"column":8},"end":{"line":177,"column":78}},"60":{"start":{"line":180,"column":8},"end":{"line":196,"column":9}},"61":{"start":{"line":181,"column":43},"end":{"line":184,"column":35}},"62":{"start":{"line":186,"column":12},"end":{"line":188,"column":13}},"63":{"start":{"line":187,"column":16},"end":{"line":187,"column":34}},"64":{"start":{"line":190,"column":12},"end":{"line":190,"column":67}},"65":{"start":{"line":191,"column":12},"end":{"line":195,"column":15}},"66":{"start":{"line":198,"column":8},"end":{"line":202,"column":11}},"67":{"start":{"line":204,"column":8},"end":{"line":204,"column":72}},"68":{"start":{"line":205,"column":8},"end":{"line":208,"column":11}},"69":{"start":{"line":212,"column":0},"end":{"line":212,"column":24}}},"fnMap":{"0":{"name":"(anonymous_0)","decl":{"start":{"line":10,"column":32},"end":{"line":10,"column":33}},"loc":{"start":{"line":10,"column":52},"end":{"line":63,"column":1}},"line":10},"1":{"name":"(anonymous_1)","decl":{"start":{"line":39,"column":45},"end":{"line":39,"column":46}},"loc":{"start":{"line":39,"column":57},"end":{"line":45,"column":17}},"line":39},"2":{"name":"(anonymous_2)","decl":{"start":{"line":70,"column":32},"end":{"line":70,"column":33}},"loc":{"start":{"line":70,"column":52},"end":{"line":146,"column":1}},"line":70},"3":{"name":"(anonymous_3)","decl":{"start":{"line":122,"column":19},"end":{"line":122,"column":20}},"loc":{"start":{"line":122,"column":28},"end":{"line":131,"column":13}},"line":122},"4":{"name":"(anonymous_4)","decl":{"start":{"line":129,"column":26},"end":{"line":129,"column":27}},"loc":{"start":{"line":129,"column":32},"end":{"line":129,"column":99}},"line":129},"5":{"name":"(anonymous_5)","decl":{"start":{"line":130,"column":27},"end":{"line":130,"column":28}},"loc":{"start":{"line":130,"column":42},"end":{"line":130,"column":124}},"line":130},"6":{"name":"(anonymous_6)","decl":{"start":{"line":153,"column":32},"end":{"line":153,"column":33}},"loc":{"start":{"line":153,"column":52},"end":{"line":210,"column":1}},"line":153}},"branchMap":{"0":{"loc":{"start":{"line":21,"column":8},"end":{"line":21,"column":31}},"type":"if","locations":[{"start":{"line":21,"column":8},"end":{"line":21,"column":31}},{"start":{},"end":{}}],"line":21},"1":{"loc":{"start":{"line":23,"column":8},"end":{"line":28,"column":9}},"type":"if","locations":[{"start":{"line":23,"column":8},"end":{"line":28,"column":9}},{"start":{},"end":{}}],"line":23},"2":{"loc":{"start":{"line":32,"column":8},"end":{"line":47,"column":9}},"type":"if","locations":[{"start":{"line":32,"column":8},"end":{"line":47,"column":9}},{"start":{},"end":{}}],"line":32},"3":{"loc":{"start":{"line":38,"column":12},"end":{"line":46,"column":13}},"type":"if","locations":[{"start":{"line":38,"column":12},"end":{"line":46,"column":13}},{"start":{},"end":{}}],"line":38},"4":{"loc":{"start":{"line":38,"column":16},"end":{"line":38,"column":50}},"type":"binary-expr","locations":[{"start":{"line":38,"column":16},"end":{"line":38,"column":34}},{"start":{"line":38,"column":38},"end":{"line":38,"column":50}}],"line":38},"5":{"loc":{"start":{"line":82,"column":8},"end":{"line":85,"column":9}},"type":"if","locations":[{"start":{"line":82,"column":8},"end":{"line":85,"column":9}},{"start":{},"end":{}}],"line":82},"6":{"loc":{"start":{"line":87,"column":8},"end":{"line":93,"column":9}},"type":"if","locations":[{"start":{"line":87,"column":8},"end":{"line":93,"column":9}},{"start":{},"end":{}}],"line":87},"7":{"loc":{"start":{"line":101,"column":8},"end":{"line":107,"column":9}},"type":"if","locations":[{"start":{"line":101,"column":8},"end":{"line":107,"column":9}},{"start":{},"end":{}}],"line":101},"8":{"loc":{"start":{"line":110,"column":8},"end":{"line":116,"column":9}},"type":"if","locations":[{"start":{"line":110,"column":8},"end":{"line":116,"column":9}},{"start":{},"end":{}}],"line":110},"9":{"loc":{"start":{"line":110,"column":12},"end":{"line":110,"column":85}},"type":"binary-expr","locations":[{"start":{"line":110,"column":12},"end":{"line":110,"column":47}},{"start":{"line":110,"column":51},"end":{"line":110,"column":85}}],"line":110},"10":{"loc":{"start":{"line":165,"column":8},"end":{"line":168,"column":9}},"type":"if","locations":[{"start":{"line":165,"column":8},"end":{"line":168,"column":9}},{"start":{},"end":{}}],"line":165},"11":{"loc":{"start":{"line":170,"column":8},"end":{"line":175,"column":9}},"type":"if","locations":[{"start":{"line":170,"column":8},"end":{"line":175,"column":9}},{"start":{},"end":{}}],"line":170},"12":{"loc":{"start":{"line":180,"column":8},"end":{"line":196,"column":9}},"type":"if","locations":[{"start":{"line":180,"column":8},"end":{"line":196,"column":9}},{"start":{},"end":{}}],"line":180},"13":{"loc":{"start":{"line":186,"column":12},"end":{"line":188,"column":13}},"type":"if","locations":[{"start":{"line":186,"column":12},"end":{"line":188,"column":13}},{"start":{},"end":{}}],"line":186}},"s":{"0":0,"1":0,"2":0,"3":0,"4":0,"5":0,"6":0,"7":0,"8":0,"9":0,"10":0,"11":0,"12":0,"13":0,"14":0,"15":0,"16":0,"17":0,"18":0,"19":0,"20":0,"21":0,"22":0,"23":0,"24":0,"25":0,"26":0,"27":0,"28":0,"29":0,"30":0,"31":0,"32":0,"33":0,"34":0,"35":0,"36":0,"37":0,"38":0,"39":0,"40":0,"41":0,"42":0,"43":0,"44":0,"45":0,"46":0,"47":0,"48":0,"49":0,"50":0,"51":0,"52":0,"53":0,"54":0,"55":0,"56":0,"57":0,"58":0,"59":0,"60":0,"61":0,"62":0,"63":0,"64":0,"65":0,"66":0,"67":0,"68":0,"69":0},"f":{"0":0,"1":0,"2":0,"3":0,"4":0,"5":0,"6":0},"b":{"0":[0,0],"1":[0,0],"2":[0,0],"3":[0,0],"4":[0,0],"5":[0,0],"6":[0,0],"7":[0,0],"8":[0,0],"9":[0,0],"10":[0,0],"11":[0,0],"12":[0,0],"13":[0,0]}}
,"/Users/quinortiz/Documents/DebateAI/backend/src/routes/audioRoutes.js": {"path":"/Users/quinortiz/Documents/DebateAI/backend/src/routes/audioRoutes.js","statementMap":{"0":{"start":{"line":5,"column":16},"end":{"line":5,"column":34}},"1":{"start":{"line":6,"column":15},"end":{"line":6,"column":31}},"2":{"start":{"line":7,"column":15},"end":{"line":7,"column":32}},"3":{"start":{"line":8,"column":13},"end":{"line":8,"column":28}},"4":{"start":{"line":9,"column":11},"end":{"line":9,"column":30}},"5":{"start":{"line":10,"column":23},"end":{"line":10,"column":38}},"6":{"start":{"line":11,"column":19},"end":{"line":11,"column":36}},"7":{"start":{"line":12,"column":25},"end":{"line":12,"column":57}},"8":{"start":{"line":15,"column":20},"end":{"line":15,"column":44}},"9":{"start":{"line":16,"column":20},"end":{"line":16,"column":52}},"10":{"start":{"line":17,"column":17},"end":{"line":17,"column":55}},"11":{"start":{"line":20,"column":15},"end":{"line":22,"column":2}},"12":{"start":{"line":25,"column":16},"end":{"line":25,"column":38}},"13":{"start":{"line":28,"column":19},"end":{"line":35,"column":1}},"14":{"start":{"line":30,"column":2},"end":{"line":34,"column":3}},"15":{"start":{"line":31,"column":4},"end":{"line":31,"column":19}},"16":{"start":{"line":33,"column":4},"end":{"line":33,"column":57}},"17":{"start":{"line":38,"column":15},"end":{"line":44,"column":2}},"18":{"start":{"line":47,"column":26},"end":{"line":47,"column":28}},"19":{"start":{"line":52,"column":0},"end":{"line":155,"column":3}},"20":{"start":{"line":53,"column":21},"end":{"line":53,"column":25}},"21":{"start":{"line":55,"column":2},"end":{"line":154,"column":3}},"22":{"start":{"line":56,"column":4},"end":{"line":58,"column":5}},"23":{"start":{"line":57,"column":6},"end":{"line":57,"column":71}},"24":{"start":{"line":60,"column":45},"end":{"line":60,"column":53}},"25":{"start":{"line":62,"column":4},"end":{"line":66,"column":5}},"26":{"start":{"line":63,"column":6},"end":{"line":65,"column":9}},"27":{"start":{"line":68,"column":4},"end":{"line":68,"column":62}},"28":{"start":{"line":71,"column":28},"end":{"line":71,"column":36}},"29":{"start":{"line":74,"column":16},"end":{"line":74,"column":62}},"30":{"start":{"line":75,"column":21},"end":{"line":75,"column":66}},"31":{"start":{"line":76,"column":24},"end":{"line":76,"column":49}},"32":{"start":{"line":79,"column":53},"end":{"line":85,"column":8}},"33":{"start":{"line":87,"column":4},"end":{"line":93,"column":5}},"34":{"start":{"line":88,"column":6},"end":{"line":88,"column":73}},"35":{"start":{"line":89,"column":6},"end":{"line":92,"column":9}},"36":{"start":{"line":95,"column":4},"end":{"line":95,"column":31}},"37":{"start":{"line":98,"column":47},"end":{"line":101,"column":41}},"38":{"start":{"line":103,"column":4},"end":{"line":109,"column":5}},"39":{"start":{"line":104,"column":6},"end":{"line":104,"column":60}},"40":{"start":{"line":105,"column":6},"end":{"line":108,"column":9}},"41":{"start":{"line":112,"column":4},"end":{"line":122,"column":6}},"42":{"start":{"line":125,"column":4},"end":{"line":125,"column":40}},"43":{"start":{"line":128,"column":4},"end":{"line":136,"column":7}},"44":{"start":{"line":138,"column":4},"end":{"line":138,"column":51}},"45":{"start":{"line":141,"column":4},"end":{"line":148,"column":5}},"46":{"start":{"line":142,"column":6},"end":{"line":147,"column":7}},"47":{"start":{"line":143,"column":8},"end":{"line":143,"column":75}},"48":{"start":{"line":144,"column":8},"end":{"line":144,"column":77}},"49":{"start":{"line":146,"column":8},"end":{"line":146,"column":66}},"50":{"start":{"line":150,"column":4},"end":{"line":153,"column":7}},"51":{"start":{"line":160,"column":0},"end":{"line":188,"column":3}},"52":{"start":{"line":161,"column":26},"end":{"line":161,"column":39}},"53":{"start":{"line":162,"column":14},"end":{"line":162,"column":48}},"54":{"start":{"line":164,"column":2},"end":{"line":168,"column":3}},"55":{"start":{"line":165,"column":4},"end":{"line":167,"column":7}},"56":{"start":{"line":171,"column":2},"end":{"line":179,"column":3}},"57":{"start":{"line":172,"column":4},"end":{"line":178,"column":7}},"58":{"start":{"line":182,"column":2},"end":{"line":187,"column":5}},"59":{"start":{"line":194,"column":14},"end":{"line":194,"column":48}},"60":{"start":{"line":196,"column":2},"end":{"line":199,"column":3}},"61":{"start":{"line":197,"column":4},"end":{"line":197,"column":68}},"62":{"start":{"line":198,"column":4},"end":{"line":198,"column":11}},"63":{"start":{"line":201,"column":2},"end":{"line":288,"column":3}},"64":{"start":{"line":202,"column":4},"end":{"line":202,"column":69}},"65":{"start":{"line":203,"column":4},"end":{"line":203,"column":30}},"66":{"start":{"line":206,"column":21},"end":{"line":206,"column":45}},"67":{"start":{"line":207,"column":4},"end":{"line":209,"column":5}},"68":{"start":{"line":208,"column":6},"end":{"line":208,"column":76}},"69":{"start":{"line":211,"column":24},"end":{"line":211,"column":52}},"70":{"start":{"line":212,"column":22},"end":{"line":216,"column":5}},"71":{"start":{"line":219,"column":26},"end":{"line":224,"column":6}},"72":{"start":{"line":227,"column":4},"end":{"line":227,"column":29}},"73":{"start":{"line":228,"column":4},"end":{"line":228,"column":31}},"74":{"start":{"line":230,"column":4},"end":{"line":230,"column":70}},"75":{"start":{"line":233,"column":4},"end":{"line":272,"column":5}},"76":{"start":{"line":235,"column":65},"end":{"line":241,"column":17}},"77":{"start":{"line":244,"column":19},"end":{"line":244,"column":88}},"78":{"start":{"line":247,"column":30},"end":{"line":263,"column":10}},"79":{"start":{"line":265,"column":6},"end":{"line":269,"column":7}},"80":{"start":{"line":266,"column":8},"end":{"line":266,"column":73}},"81":{"start":{"line":268,"column":8},"end":{"line":268,"column":103}},"82":{"start":{"line":271,"column":6},"end":{"line":271,"column":70}},"83":{"start":{"line":274,"column":4},"end":{"line":274,"column":76}},"84":{"start":{"line":276,"column":4},"end":{"line":276,"column":26}},"85":{"start":{"line":277,"column":4},"end":{"line":277,"column":30}},"86":{"start":{"line":280,"column":4},"end":{"line":287,"column":5}},"87":{"start":{"line":281,"column":6},"end":{"line":284,"column":7}},"88":{"start":{"line":282,"column":8},"end":{"line":282,"column":78}},"89":{"start":{"line":283,"column":8},"end":{"line":283,"column":81}},"90":{"start":{"line":286,"column":6},"end":{"line":286,"column":91}},"91":{"start":{"line":294,"column":0},"end":{"line":391,"column":3}},"92":{"start":{"line":295,"column":2},"end":{"line":390,"column":3}},"93":{"start":{"line":296,"column":25},"end":{"line":296,"column":35}},"94":{"start":{"line":298,"column":4},"end":{"line":298,"column":73}},"95":{"start":{"line":300,"column":4},"end":{"line":305,"column":5}},"96":{"start":{"line":301,"column":6},"end":{"line":304,"column":9}},"97":{"start":{"line":309,"column":28},"end":{"line":312,"column":32}},"98":{"start":{"line":314,"column":4},"end":{"line":321,"column":5}},"99":{"start":{"line":315,"column":6},"end":{"line":315,"column":67}},"100":{"start":{"line":316,"column":6},"end":{"line":320,"column":9}},"101":{"start":{"line":324,"column":4},"end":{"line":350,"column":5}},"102":{"start":{"line":326,"column":22},"end":{"line":326,"column":60}},"103":{"start":{"line":326,"column":48},"end":{"line":326,"column":57}},"104":{"start":{"line":329,"column":6},"end":{"line":349,"column":7}},"105":{"start":{"line":330,"column":53},"end":{"line":333,"column":28}},"106":{"start":{"line":335,"column":8},"end":{"line":348,"column":9}},"107":{"start":{"line":337,"column":26},"end":{"line":337,"column":28}},"108":{"start":{"line":338,"column":10},"end":{"line":340,"column":13}},"109":{"start":{"line":339,"column":12},"end":{"line":339,"column":36}},"110":{"start":{"line":343,"column":10},"end":{"line":345,"column":13}},"111":{"start":{"line":344,"column":12},"end":{"line":344,"column":72}},"112":{"start":{"line":346,"column":15},"end":{"line":348,"column":9}},"113":{"start":{"line":347,"column":10},"end":{"line":347,"column":80}},"114":{"start":{"line":353,"column":4},"end":{"line":374,"column":5}},"115":{"start":{"line":355,"column":26},"end":{"line":357,"column":7}},"116":{"start":{"line":356,"column":15},"end":{"line":356,"column":67}},"117":{"start":{"line":359,"column":6},"end":{"line":367,"column":7}},"118":{"start":{"line":360,"column":8},"end":{"line":366,"column":11}},"119":{"start":{"line":369,"column":6},"end":{"line":373,"column":9}},"120":{"start":{"line":376,"column":4},"end":{"line":376,"column":84}},"121":{"start":{"line":378,"column":4},"end":{"line":382,"column":7}},"122":{"start":{"line":384,"column":4},"end":{"line":384,"column":76}},"123":{"start":{"line":385,"column":4},"end":{"line":389,"column":7}},"124":{"start":{"line":394,"column":0},"end":{"line":451,"column":3}},"125":{"start":{"line":395,"column":2},"end":{"line":450,"column":3}},"126":{"start":{"line":396,"column":32},"end":{"line":396,"column":40}},"127":{"start":{"line":399,"column":35},"end":{"line":402,"column":13}},"128":{"start":{"line":404,"column":4},"end":{"line":410,"column":5}},"129":{"start":{"line":405,"column":6},"end":{"line":409,"column":9}},"130":{"start":{"line":412,"column":23},"end":{"line":412,"column":75}},"131":{"start":{"line":413,"column":26},"end":{"line":413,"column":86}},"132":{"start":{"line":413,"column":47},"end":{"line":413,"column":85}},"133":{"start":{"line":415,"column":4},"end":{"line":421,"column":5}},"134":{"start":{"line":416,"column":6},"end":{"line":420,"column":9}},"135":{"start":{"line":424,"column":22},"end":{"line":424,"column":58}},"136":{"start":{"line":424,"column":48},"end":{"line":424,"column":57}},"137":{"start":{"line":425,"column":35},"end":{"line":428,"column":24}},"138":{"start":{"line":430,"column":4},"end":{"line":436,"column":5}},"139":{"start":{"line":431,"column":6},"end":{"line":435,"column":9}},"140":{"start":{"line":438,"column":4},"end":{"line":442,"column":7}},"141":{"start":{"line":444,"column":4},"end":{"line":444,"column":54}},"142":{"start":{"line":445,"column":4},"end":{"line":449,"column":7}},"143":{"start":{"line":453,"column":0},"end":{"line":453,"column":24}}},"fnMap":{"0":{"name":"(anonymous_0)","decl":{"start":{"line":28,"column":19},"end":{"line":28,"column":20}},"loc":{"start":{"line":28,"column":38},"end":{"line":35,"column":1}},"line":28},"1":{"name":"(anonymous_1)","decl":{"start":{"line":52,"column":47},"end":{"line":52,"column":48}},"loc":{"start":{"line":52,"column":67},"end":{"line":155,"column":1}},"line":52},"2":{"name":"(anonymous_2)","decl":{"start":{"line":160,"column":33},"end":{"line":160,"column":34}},"loc":{"start":{"line":160,"column":47},"end":{"line":188,"column":1}},"line":160},"3":{"name":"startTranscription","decl":{"start":{"line":193,"column":15},"end":{"line":193,"column":33}},"loc":{"start":{"line":193,"column":51},"end":{"line":289,"column":1}},"line":193},"4":{"name":"(anonymous_4)","decl":{"start":{"line":294,"column":40},"end":{"line":294,"column":41}},"loc":{"start":{"line":294,"column":60},"end":{"line":391,"column":1}},"line":294},"5":{"name":"(anonymous_5)","decl":{"start":{"line":326,"column":43},"end":{"line":326,"column":44}},"loc":{"start":{"line":326,"column":48},"end":{"line":326,"column":57}},"line":326},"6":{"name":"(anonymous_6)","decl":{"start":{"line":338,"column":27},"end":{"line":338,"column":28}},"loc":{"start":{"line":338,"column":35},"end":{"line":340,"column":11}},"line":338},"7":{"name":"(anonymous_7)","decl":{"start":{"line":343,"column":23},"end":{"line":343,"column":24}},"loc":{"start":{"line":343,"column":40},"end":{"line":345,"column":11}},"line":343},"8":{"name":"(anonymous_8)","decl":{"start":{"line":356,"column":8},"end":{"line":356,"column":9}},"loc":{"start":{"line":356,"column":15},"end":{"line":356,"column":67}},"line":356},"9":{"name":"(anonymous_9)","decl":{"start":{"line":394,"column":24},"end":{"line":394,"column":25}},"loc":{"start":{"line":394,"column":44},"end":{"line":451,"column":1}},"line":394},"10":{"name":"(anonymous_10)","decl":{"start":{"line":413,"column":39},"end":{"line":413,"column":40}},"loc":{"start":{"line":413,"column":47},"end":{"line":413,"column":85}},"line":413},"11":{"name":"(anonymous_11)","decl":{"start":{"line":424,"column":40},"end":{"line":424,"column":41}},"loc":{"start":{"line":424,"column":48},"end":{"line":424,"column":57}},"line":424}},"branchMap":{"0":{"loc":{"start":{"line":30,"column":2},"end":{"line":34,"column":3}},"type":"if","locations":[{"start":{"line":30,"column":2},"end":{"line":34,"column":3}},{"start":{"line":32,"column":9},"end":{"line":34,"column":3}}],"line":30},"1":{"loc":{"start":{"line":56,"column":4},"end":{"line":58,"column":5}},"type":"if","locations":[{"start":{"line":56,"column":4},"end":{"line":58,"column":5}},{"start":{},"end":{}}],"line":56},"2":{"loc":{"start":{"line":62,"column":4},"end":{"line":66,"column":5}},"type":"if","locations":[{"start":{"line":62,"column":4},"end":{"line":66,"column":5}},{"start":{},"end":{}}],"line":62},"3":{"loc":{"start":{"line":62,"column":8},"end":{"line":62,"column":43}},"type":"binary-expr","locations":[{"start":{"line":62,"column":8},"end":{"line":62,"column":17}},{"start":{"line":62,"column":21},"end":{"line":62,"column":28}},{"start":{"line":62,"column":32},"end":{"line":62,"column":43}}],"line":62},"4":{"loc":{"start":{"line":74,"column":16},"end":{"line":74,"column":62}},"type":"binary-expr","locations":[{"start":{"line":74,"column":16},"end":{"line":74,"column":51}},{"start":{"line":74,"column":55},"end":{"line":74,"column":62}}],"line":74},"5":{"loc":{"start":{"line":87,"column":4},"end":{"line":93,"column":5}},"type":"if","locations":[{"start":{"line":87,"column":4},"end":{"line":93,"column":5}},{"start":{},"end":{}}],"line":87},"6":{"loc":{"start":{"line":103,"column":4},"end":{"line":109,"column":5}},"type":"if","locations":[{"start":{"line":103,"column":4},"end":{"line":109,"column":5}},{"start":{},"end":{}}],"line":103},"7":{"loc":{"start":{"line":141,"column":4},"end":{"line":148,"column":5}},"type":"if","locations":[{"start":{"line":141,"column":4},"end":{"line":148,"column":5}},{"start":{},"end":{}}],"line":141},"8":{"loc":{"start":{"line":164,"column":2},"end":{"line":168,"column":3}},"type":"if","locations":[{"start":{"line":164,"column":2},"end":{"line":168,"column":3}},{"start":{},"end":{}}],"line":164},"9":{"loc":{"start":{"line":171,"column":2},"end":{"line":179,"column":3}},"type":"if","locations":[{"start":{"line":171,"column":2},"end":{"line":179,"column":3}},{"start":{},"end":{}}],"line":171},"10":{"loc":{"start":{"line":196,"column":2},"end":{"line":199,"column":3}},"type":"if","locations":[{"start":{"line":196,"column":2},"end":{"line":199,"column":3}},{"start":{},"end":{}}],"line":196},"11":{"loc":{"start":{"line":207,"column":4},"end":{"line":209,"column":5}},"type":"if","locations":[{"start":{"line":207,"column":4},"end":{"line":209,"column":5}},{"start":{},"end":{}}],"line":207},"12":{"loc":{"start":{"line":244,"column":19},"end":{"line":244,"column":88}},"type":"binary-expr","locations":[{"start":{"line":244,"column":19},"end":{"line":244,"column":40}},{"start":{"line":244,"column":45},"end":{"line":244,"column":87}}],"line":244},"13":{"loc":{"start":{"line":244,"column":45},"end":{"line":244,"column":87}},"type":"cond-expr","locations":[{"start":{"line":244,"column":74},"end":{"line":244,"column":79}},{"start":{"line":244,"column":82},"end":{"line":244,"column":87}}],"line":244},"14":{"loc":{"start":{"line":265,"column":6},"end":{"line":269,"column":7}},"type":"if","locations":[{"start":{"line":265,"column":6},"end":{"line":269,"column":7}},{"start":{"line":267,"column":13},"end":{"line":269,"column":7}}],"line":265},"15":{"loc":{"start":{"line":281,"column":6},"end":{"line":284,"column":7}},"type":"if","locations":[{"start":{"line":281,"column":6},"end":{"line":284,"column":7}},{"start":{},"end":{}}],"line":281},"16":{"loc":{"start":{"line":300,"column":4},"end":{"line":305,"column":5}},"type":"if","locations":[{"start":{"line":300,"column":4},"end":{"line":305,"column":5}},{"start":{},"end":{}}],"line":300},"17":{"loc":{"start":{"line":314,"column":4},"end":{"line":321,"column":5}},"type":"if","locations":[{"start":{"line":314,"column":4},"end":{"line":321,"column":5}},{"start":{},"end":{}}],"line":314},"18":{"loc":{"start":{"line":324,"column":4},"end":{"line":350,"column":5}},"type":"if","locations":[{"start":{"line":324,"column":4},"end":{"line":350,"column":5}},{"start":{},"end":{}}],"line":324},"19":{"loc":{"start":{"line":324,"column":8},"end":{"line":324,"column":31}},"type":"binary-expr","locations":[{"start":{"line":324,"column":8},"end":{"line":324,"column":12}},{"start":{"line":324,"column":16},"end":{"line":324,"column":31}}],"line":324},"20":{"loc":{"start":{"line":329,"column":6},"end":{"line":349,"column":7}},"type":"if","locations":[{"start":{"line":329,"column":6},"end":{"line":349,"column":7}},{"start":{},"end":{}}],"line":329},"21":{"loc":{"start":{"line":335,"column":8},"end":{"line":348,"column":9}},"type":"if","locations":[{"start":{"line":335,"column":8},"end":{"line":348,"column":9}},{"start":{"line":346,"column":15},"end":{"line":348,"column":9}}],"line":335},"22":{"loc":{"start":{"line":335,"column":12},"end":{"line":335,"column":34}},"type":"binary-expr","locations":[{"start":{"line":335,"column":12},"end":{"line":335,"column":22}},{"start":{"line":335,"column":26},"end":{"line":335,"column":34}}],"line":335},"23":{"loc":{"start":{"line":344,"column":33},"end":{"line":344,"column":71}},"type":"binary-expr","locations":[{"start":{"line":344,"column":33},"end":{"line":344,"column":63}},{"start":{"line":344,"column":67},"end":{"line":344,"column":71}}],"line":344},"24":{"loc":{"start":{"line":346,"column":15},"end":{"line":348,"column":9}},"type":"if","locations":[{"start":{"line":346,"column":15},"end":{"line":348,"column":9}},{"start":{},"end":{}}],"line":346},"25":{"loc":{"start":{"line":353,"column":4},"end":{"line":374,"column":5}},"type":"if","locations":[{"start":{"line":353,"column":4},"end":{"line":374,"column":5}},{"start":{},"end":{}}],"line":353},"26":{"loc":{"start":{"line":353,"column":8},"end":{"line":353,"column":34}},"type":"binary-expr","locations":[{"start":{"line":353,"column":8},"end":{"line":353,"column":13}},{"start":{"line":353,"column":17},"end":{"line":353,"column":34}}],"line":353},"27":{"loc":{"start":{"line":356,"column":15},"end":{"line":356,"column":67}},"type":"binary-expr","locations":[{"start":{"line":356,"column":15},"end":{"line":356,"column":40}},{"start":{"line":356,"column":44},"end":{"line":356,"column":67}}],"line":356},"28":{"loc":{"start":{"line":359,"column":6},"end":{"line":367,"column":7}},"type":"if","locations":[{"start":{"line":359,"column":6},"end":{"line":367,"column":7}},{"start":{},"end":{}}],"line":359},"29":{"loc":{"start":{"line":396,"column":12},"end":{"line":396,"column":27}},"type":"default-arg","locations":[{"start":{"line":396,"column":25},"end":{"line":396,"column":27}}],"line":396},"30":{"loc":{"start":{"line":404,"column":4},"end":{"line":410,"column":5}},"type":"if","locations":[{"start":{"line":404,"column":4},"end":{"line":410,"column":5}},{"start":{},"end":{}}],"line":404},"31":{"loc":{"start":{"line":415,"column":4},"end":{"line":421,"column":5}},"type":"if","locations":[{"start":{"line":415,"column":4},"end":{"line":421,"column":5}},{"start":{},"end":{}}],"line":415},"32":{"loc":{"start":{"line":430,"column":4},"end":{"line":436,"column":5}},"type":"if","locations":[{"start":{"line":430,"column":4},"end":{"line":436,"column":5}},{"start":{},"end":{}}],"line":430}},"s":{"0":1,"1":1,"2":1,"3":1,"4":1,"5":1,"6":1,"7":1,"8":1,"9":1,"10":1,"11":1,"12":1,"13":1,"14":4,"15":0,"16":4,"17":1,"18":1,"19":1,"20":1,"21":1,"22":1,"23":1,"24":0,"25":0,"26":0,"27":0,"28":0,"29":0,"30":0,"31":0,"32":0,"33":0,"34":0,"35":0,"36":0,"37":0,"38":0,"39":0,"40":0,"41":0,"42":0,"43":0,"44":0,"45":0,"46":0,"47":0,"48":0,"49":0,"50":0,"51":1,"52":0,"53":0,"54":0,"55":0,"56":0,"57":0,"58":0,"59":0,"60":0,"61":0,"62":0,"63":0,"64":0,"65":0,"66":0,"67":0,"68":0,"69":0,"70":0,"71":0,"72":0,"73":0,"74":0,"75":0,"76":0,"77":0,"78":0,"79":0,"80":0,"81":0,"82":0,"83":0,"84":0,"85":0,"86":0,"87":0,"88":0,"89":0,"90":0,"91":1,"92":0,"93":0,"94":0,"95":0,"96":0,"97":0,"98":0,"99":0,"100":0,"101":0,"102":0,"103":0,"104":0,"105":0,"106":0,"107":0,"108":0,"109":0,"110":0,"111":0,"112":0,"113":0,"114":0,"115":0,"116":0,"117":0,"118":0,"119":0,"120":0,"121":0,"122":0,"123":0,"124":1,"125":0,"126":0,"127":0,"128":0,"129":0,"130":0,"131":0,"132":0,"133":0,"134":0,"135":0,"136":0,"137":0,"138":0,"139":0,"140":0,"141":0,"142":0,"143":1},"f":{"0":4,"1":1,"2":0,"3":0,"4":0,"5":0,"6":0,"7":0,"8":0,"9":0,"10":0,"11":0},"b":{"0":[0,4],"1":[1,0],"2":[0,0],"3":[0,0,0],"4":[0,0],"5":[0,0],"6":[0,0],"7":[0,0],"8":[0,0],"9":[0,0],"10":[0,0],"11":[0,0],"12":[0,0],"13":[0,0],"14":[0,0],"15":[0,0],"16":[0,0],"17":[0,0],"18":[0,0],"19":[0,0],"20":[0,0],"21":[0,0],"22":[0,0],"23":[0,0],"24":[0,0],"25":[0,0],"26":[0,0],"27":[0,0],"28":[0,0],"29":[0],"30":[0,0],"31":[0,0],"32":[0,0]},"_coverageSchema":"1a1c01bbd47fc00a2c39e90264f33305004495a9","hash":"c5dbc5de4527ab185ce5fb7d7c05fff625f73dbc"}
,"/Users/quinortiz/Documents/DebateAI/backend/src/routes/debateRoutes.js": {"path":"/Users/quinortiz/Documents/DebateAI/backend/src/routes/debateRoutes.js","statementMap":{"0":{"start":{"line":5,"column":16},"end":{"line":5,"column":34}},"1":{"start":{"line":6,"column":15},"end":{"line":6,"column":31}},"2":{"start":{"line":7,"column":25},"end":{"line":7,"column":57}},"3":{"start":{"line":10,"column":20},"end":{"line":10,"column":44}},"4":{"start":{"line":11,"column":20},"end":{"line":11,"column":52}},"5":{"start":{"line":12,"column":17},"end":{"line":12,"column":55}},"6":{"start":{"line":16,"column":14},"end":{"line":25,"column":1}},"7":{"start":{"line":28,"column":0},"end":{"line":30,"column":3}},"8":{"start":{"line":29,"column":2},"end":{"line":29,"column":20}},"9":{"start":{"line":33,"column":0},"end":{"line":74,"column":3}},"10":{"start":{"line":34,"column":17},"end":{"line":34,"column":27}},"11":{"start":{"line":36,"column":2},"end":{"line":73,"column":3}},"12":{"start":{"line":38,"column":19},"end":{"line":38,"column":49}},"13":{"start":{"line":38,"column":37},"end":{"line":38,"column":48}},"14":{"start":{"line":39,"column":4},"end":{"line":41,"column":5}},"15":{"start":{"line":40,"column":6},"end":{"line":40,"column":30}},"16":{"start":{"line":44,"column":28},"end":{"line":48,"column":15}},"17":{"start":{"line":50,"column":4},"end":{"line":56,"column":5}},"18":{"start":{"line":51,"column":6},"end":{"line":53,"column":7}},"19":{"start":{"line":52,"column":8},"end":{"line":52,"column":67}},"20":{"start":{"line":54,"column":6},"end":{"line":54,"column":77}},"21":{"start":{"line":55,"column":6},"end":{"line":55,"column":87}},"22":{"start":{"line":59,"column":28},"end":{"line":67,"column":5}},"23":{"start":{"line":69,"column":4},"end":{"line":69,"column":30}},"24":{"start":{"line":71,"column":4},"end":{"line":71,"column":70}},"25":{"start":{"line":72,"column":4},"end":{"line":72,"column":74}},"26":{"start":{"line":77,"column":0},"end":{"line":97,"column":3}},"27":{"start":{"line":78,"column":42},"end":{"line":78,"column":50}},"28":{"start":{"line":81,"column":2},"end":{"line":83,"column":3}},"29":{"start":{"line":82,"column":4},"end":{"line":82,"column":91}},"30":{"start":{"line":86,"column":20},"end":{"line":93,"column":3}},"31":{"start":{"line":95,"column":2},"end":{"line":95,"column":26}},"32":{"start":{"line":96,"column":2},"end":{"line":96,"column":34}},"33":{"start":{"line":100,"column":0},"end":{"line":153,"column":3}},"34":{"start":{"line":101,"column":17},"end":{"line":101,"column":27}},"35":{"start":{"line":102,"column":21},"end":{"line":102,"column":29}},"36":{"start":{"line":104,"column":2},"end":{"line":152,"column":3}},"37":{"start":{"line":106,"column":18},"end":{"line":106,"column":53}},"38":{"start":{"line":106,"column":41},"end":{"line":106,"column":52}},"39":{"start":{"line":107,"column":26},"end":{"line":107,"column":31}},"40":{"start":{"line":109,"column":4},"end":{"line":117,"column":5}},"41":{"start":{"line":111,"column":6},"end":{"line":115,"column":8}},"42":{"start":{"line":116,"column":6},"end":{"line":116,"column":29}},"43":{"start":{"line":120,"column":28},"end":{"line":125,"column":15}},"44":{"start":{"line":127,"column":4},"end":{"line":141,"column":5}},"45":{"start":{"line":128,"column":6},"end":{"line":128,"column":75}},"46":{"start":{"line":131,"column":6},"end":{"line":133,"column":7}},"47":{"start":{"line":132,"column":8},"end":{"line":132,"column":40}},"48":{"start":{"line":136,"column":6},"end":{"line":138,"column":7}},"49":{"start":{"line":137,"column":8},"end":{"line":137,"column":67}},"50":{"start":{"line":140,"column":6},"end":{"line":140,"column":87}},"51":{"start":{"line":144,"column":4},"end":{"line":146,"column":5}},"52":{"start":{"line":145,"column":6},"end":{"line":145,"column":53}},"53":{"start":{"line":148,"column":4},"end":{"line":148,"column":74}},"54":{"start":{"line":150,"column":4},"end":{"line":150,"column":70}},"55":{"start":{"line":151,"column":4},"end":{"line":151,"column":74}},"56":{"start":{"line":156,"column":0},"end":{"line":165,"column":3}},"57":{"start":{"line":157,"column":16},"end":{"line":157,"column":62}},"58":{"start":{"line":157,"column":39},"end":{"line":157,"column":61}},"59":{"start":{"line":159,"column":2},"end":{"line":161,"column":3}},"60":{"start":{"line":160,"column":4},"end":{"line":160,"column":63}},"61":{"start":{"line":163,"column":2},"end":{"line":163,"column":27}},"62":{"start":{"line":164,"column":2},"end":{"line":164,"column":25}},"63":{"start":{"line":168,"column":0},"end":{"line":216,"column":3}},"64":{"start":{"line":169,"column":2},"end":{"line":215,"column":3}},"65":{"start":{"line":170,"column":25},"end":{"line":170,"column":35}},"66":{"start":{"line":172,"column":4},"end":{"line":177,"column":5}},"67":{"start":{"line":173,"column":6},"end":{"line":176,"column":9}},"68":{"start":{"line":180,"column":44},"end":{"line":184,"column":26}},"69":{"start":{"line":186,"column":4},"end":{"line":189,"column":5}},"70":{"start":{"line":187,"column":6},"end":{"line":187,"column":66}},"71":{"start":{"line":188,"column":6},"end":{"line":188,"column":101}},"72":{"start":{"line":192,"column":29},"end":{"line":192,"column":31}},"73":{"start":{"line":193,"column":4},"end":{"line":195,"column":5}},"74":{"start":{"line":194,"column":6},"end":{"line":194,"column":77}},"75":{"start":{"line":198,"column":25},"end":{"line":198,"column":112}},"76":{"start":{"line":199,"column":24},"end":{"line":199,"column":103}},"77":{"start":{"line":200,"column":24},"end":{"line":200,"column":104}},"78":{"start":{"line":202,"column":4},"end":{"line":211,"column":7}},"79":{"start":{"line":213,"column":4},"end":{"line":213,"column":64}},"80":{"start":{"line":214,"column":4},"end":{"line":214,"column":70}},"81":{"start":{"line":219,"column":0},"end":{"line":283,"column":3}},"82":{"start":{"line":220,"column":2},"end":{"line":282,"column":3}},"83":{"start":{"line":221,"column":25},"end":{"line":221,"column":35}},"84":{"start":{"line":222,"column":41},"end":{"line":222,"column":49}},"85":{"start":{"line":224,"column":4},"end":{"line":229,"column":5}},"86":{"start":{"line":225,"column":6},"end":{"line":228,"column":9}},"87":{"start":{"line":232,"column":32},"end":{"line":237,"column":26}},"88":{"start":{"line":239,"column":4},"end":{"line":242,"column":5}},"89":{"start":{"line":240,"column":6},"end":{"line":240,"column":58}},"90":{"start":{"line":241,"column":6},"end":{"line":241,"column":90}},"91":{"start":{"line":245,"column":32},"end":{"line":250,"column":26}},"92":{"start":{"line":252,"column":4},"end":{"line":255,"column":5}},"93":{"start":{"line":253,"column":6},"end":{"line":253,"column":58}},"94":{"start":{"line":254,"column":6},"end":{"line":254,"column":90}},"95":{"start":{"line":258,"column":4},"end":{"line":269,"column":5}},"96":{"start":{"line":260,"column":6},"end":{"line":262,"column":7}},"97":{"start":{"line":261,"column":8},"end":{"line":261,"column":56}},"98":{"start":{"line":265,"column":6},"end":{"line":265,"column":70}},"99":{"start":{"line":266,"column":6},"end":{"line":266,"column":70}},"100":{"start":{"line":268,"column":6},"end":{"line":268,"column":68}},"101":{"start":{"line":271,"column":4},"end":{"line":278,"column":7}},"102":{"start":{"line":280,"column":4},"end":{"line":280,"column":58}},"103":{"start":{"line":281,"column":4},"end":{"line":281,"column":70}},"104":{"start":{"line":286,"column":0},"end":{"line":416,"column":3}},"105":{"start":{"line":287,"column":2},"end":{"line":415,"column":3}},"106":{"start":{"line":288,"column":25},"end":{"line":288,"column":35}},"107":{"start":{"line":289,"column":29},"end":{"line":289,"column":37}},"108":{"start":{"line":291,"column":4},"end":{"line":296,"column":5}},"109":{"start":{"line":292,"column":6},"end":{"line":295,"column":9}},"110":{"start":{"line":298,"column":4},"end":{"line":303,"column":5}},"111":{"start":{"line":299,"column":6},"end":{"line":302,"column":9}},"112":{"start":{"line":305,"column":20},"end":{"line":305,"column":22}},"113":{"start":{"line":308,"column":4},"end":{"line":389,"column":5}},"114":{"start":{"line":309,"column":6},"end":{"line":314,"column":7}},"115":{"start":{"line":310,"column":8},"end":{"line":313,"column":11}},"116":{"start":{"line":317,"column":63},"end":{"line":323,"column":17}},"117":{"start":{"line":325,"column":6},"end":{"line":333,"column":7}},"118":{"start":{"line":326,"column":8},"end":{"line":326,"column":78}},"119":{"start":{"line":327,"column":8},"end":{"line":331,"column":11}},"120":{"start":{"line":332,"column":8},"end":{"line":332,"column":17}},"121":{"start":{"line":336,"column":6},"end":{"line":388,"column":7}},"122":{"start":{"line":337,"column":39},"end":{"line":343,"column":43}},"123":{"start":{"line":345,"column":8},"end":{"line":358,"column":9}},"124":{"start":{"line":346,"column":10},"end":{"line":346,"column":68}},"125":{"start":{"line":347,"column":10},"end":{"line":351,"column":13}},"126":{"start":{"line":353,"column":10},"end":{"line":357,"column":13}},"127":{"start":{"line":361,"column":61},"end":{"line":371,"column":19}},"128":{"start":{"line":373,"column":8},"end":{"line":387,"column":9}},"129":{"start":{"line":374,"column":10},"end":{"line":374,"column":69}},"130":{"start":{"line":375,"column":10},"end":{"line":379,"column":13}},"131":{"start":{"line":381,"column":10},"end":{"line":386,"column":13}},"132":{"start":{"line":392,"column":4},"end":{"line":405,"column":5}},"133":{"start":{"line":394,"column":6},"end":{"line":396,"column":7}},"134":{"start":{"line":395,"column":8},"end":{"line":395,"column":56}},"135":{"start":{"line":398,"column":6},"end":{"line":402,"column":7}},"136":{"start":{"line":399,"column":8},"end":{"line":401,"column":9}},"137":{"start":{"line":400,"column":10},"end":{"line":400,"column":93}},"138":{"start":{"line":404,"column":6},"end":{"line":404,"column":68}},"139":{"start":{"line":407,"column":4},"end":{"line":411,"column":7}},"140":{"start":{"line":413,"column":4},"end":{"line":413,"column":66}},"141":{"start":{"line":414,"column":4},"end":{"line":414,"column":70}},"142":{"start":{"line":419,"column":0},"end":{"line":549,"column":3}},"143":{"start":{"line":420,"column":2},"end":{"line":548,"column":3}},"144":{"start":{"line":421,"column":25},"end":{"line":421,"column":35}},"145":{"start":{"line":422,"column":25},"end":{"line":422,"column":33}},"146":{"start":{"line":424,"column":4},"end":{"line":429,"column":5}},"147":{"start":{"line":425,"column":6},"end":{"line":428,"column":9}},"148":{"start":{"line":431,"column":4},"end":{"line":431,"column":73}},"149":{"start":{"line":434,"column":23},"end":{"line":434,"column":59}},"150":{"start":{"line":435,"column":4},"end":{"line":442,"column":5}},"151":{"start":{"line":436,"column":6},"end":{"line":436,"column":64}},"152":{"start":{"line":437,"column":6},"end":{"line":441,"column":8}},"153":{"start":{"line":445,"column":4},"end":{"line":527,"column":5}},"154":{"start":{"line":446,"column":6},"end":{"line":446,"column":79}},"155":{"start":{"line":449,"column":6},"end":{"line":453,"column":7}},"156":{"start":{"line":450,"column":8},"end":{"line":450,"column":63}},"157":{"start":{"line":452,"column":8},"end":{"line":452,"column":63}},"158":{"start":{"line":456,"column":6},"end":{"line":462,"column":9}},"159":{"start":{"line":457,"column":8},"end":{"line":461,"column":11}},"160":{"start":{"line":465,"column":6},"end":{"line":467,"column":7}},"161":{"start":{"line":466,"column":8},"end":{"line":466,"column":56}},"162":{"start":{"line":468,"column":6},"end":{"line":468,"column":70}},"163":{"start":{"line":469,"column":6},"end":{"line":469,"column":70}},"164":{"start":{"line":472,"column":6},"end":{"line":523,"column":7}},"165":{"start":{"line":472,"column":19},"end":{"line":472,"column":20}},"166":{"start":{"line":473,"column":23},"end":{"line":473,"column":34}},"167":{"start":{"line":474,"column":21},"end":{"line":474,"column":44}},"168":{"start":{"line":477,"column":65},"end":{"line":483,"column":19}},"169":{"start":{"line":485,"column":8},"end":{"line":488,"column":9}},"170":{"start":{"line":486,"column":10},"end":{"line":486,"column":81}},"171":{"start":{"line":487,"column":10},"end":{"line":487,"column":19}},"172":{"start":{"line":490,"column":8},"end":{"line":522,"column":9}},"173":{"start":{"line":492,"column":41},"end":{"line":498,"column":45}},"174":{"start":{"line":500,"column":10},"end":{"line":504,"column":11}},"175":{"start":{"line":501,"column":12},"end":{"line":501,"column":80}},"176":{"start":{"line":503,"column":12},"end":{"line":503,"column":73}},"177":{"start":{"line":507,"column":41},"end":{"line":515,"column":14}},"178":{"start":{"line":517,"column":10},"end":{"line":521,"column":11}},"179":{"start":{"line":518,"column":12},"end":{"line":518,"column":80}},"180":{"start":{"line":520,"column":12},"end":{"line":520,"column":75}},"181":{"start":{"line":526,"column":6},"end":{"line":526,"column":65}},"182":{"start":{"line":530,"column":4},"end":{"line":534,"column":8}},"183":{"start":{"line":537,"column":4},"end":{"line":544,"column":7}},"184":{"start":{"line":546,"column":4},"end":{"line":546,"column":55}},"185":{"start":{"line":547,"column":4},"end":{"line":547,"column":70}},"186":{"start":{"line":552,"column":19},"end":{"line":552,"column":32}},"187":{"start":{"line":552,"column":25},"end":{"line":552,"column":32}},"188":{"start":{"line":554,"column":0},"end":{"line":554,"column":24}},"189":{"start":{"line":555,"column":0},"end":{"line":555,"column":39}}},"fnMap":{"0":{"name":"(anonymous_0)","decl":{"start":{"line":28,"column":16},"end":{"line":28,"column":17}},"loc":{"start":{"line":28,"column":30},"end":{"line":30,"column":1}},"line":28},"1":{"name":"(anonymous_1)","decl":{"start":{"line":33,"column":19},"end":{"line":33,"column":20}},"loc":{"start":{"line":33,"column":39},"end":{"line":74,"column":1}},"line":33},"2":{"name":"(anonymous_2)","decl":{"start":{"line":38,"column":32},"end":{"line":38,"column":33}},"loc":{"start":{"line":38,"column":37},"end":{"line":38,"column":48}},"line":38},"3":{"name":"(anonymous_3)","decl":{"start":{"line":77,"column":17},"end":{"line":77,"column":18}},"loc":{"start":{"line":77,"column":31},"end":{"line":97,"column":1}},"line":77},"4":{"name":"(anonymous_4)","decl":{"start":{"line":100,"column":19},"end":{"line":100,"column":20}},"loc":{"start":{"line":100,"column":39},"end":{"line":153,"column":1}},"line":100},"5":{"name":"(anonymous_5)","decl":{"start":{"line":106,"column":36},"end":{"line":106,"column":37}},"loc":{"start":{"line":106,"column":41},"end":{"line":106,"column":52}},"line":106},"6":{"name":"(anonymous_6)","decl":{"start":{"line":156,"column":22},"end":{"line":156,"column":23}},"loc":{"start":{"line":156,"column":36},"end":{"line":165,"column":1}},"line":156},"7":{"name":"(anonymous_7)","decl":{"start":{"line":157,"column":34},"end":{"line":157,"column":35}},"loc":{"start":{"line":157,"column":39},"end":{"line":157,"column":61}},"line":157},"8":{"name":"(anonymous_8)","decl":{"start":{"line":168,"column":38},"end":{"line":168,"column":39}},"loc":{"start":{"line":168,"column":58},"end":{"line":216,"column":1}},"line":168},"9":{"name":"(anonymous_9)","decl":{"start":{"line":219,"column":39},"end":{"line":219,"column":40}},"loc":{"start":{"line":219,"column":59},"end":{"line":283,"column":1}},"line":219},"10":{"name":"(anonymous_10)","decl":{"start":{"line":286,"column":46},"end":{"line":286,"column":47}},"loc":{"start":{"line":286,"column":66},"end":{"line":416,"column":1}},"line":286},"11":{"name":"(anonymous_11)","decl":{"start":{"line":419,"column":43},"end":{"line":419,"column":44}},"loc":{"start":{"line":419,"column":63},"end":{"line":549,"column":1}},"line":419},"12":{"name":"(anonymous_12)","decl":{"start":{"line":456,"column":23},"end":{"line":456,"column":24}},"loc":{"start":{"line":456,"column":42},"end":{"line":462,"column":7}},"line":456},"13":{"name":"(anonymous_13)","decl":{"start":{"line":552,"column":19},"end":{"line":552,"column":20}},"loc":{"start":{"line":552,"column":25},"end":{"line":552,"column":32}},"line":552}},"branchMap":{"0":{"loc":{"start":{"line":39,"column":4},"end":{"line":41,"column":5}},"type":"if","locations":[{"start":{"line":39,"column":4},"end":{"line":41,"column":5}},{"start":{},"end":{}}],"line":39},"1":{"loc":{"start":{"line":50,"column":4},"end":{"line":56,"column":5}},"type":"if","locations":[{"start":{"line":50,"column":4},"end":{"line":56,"column":5}},{"start":{},"end":{}}],"line":50},"2":{"loc":{"start":{"line":51,"column":6},"end":{"line":53,"column":7}},"type":"if","locations":[{"start":{"line":51,"column":6},"end":{"line":53,"column":7}},{"start":{},"end":{}}],"line":51},"3":{"loc":{"start":{"line":61,"column":13},"end":{"line":61,"column":57}},"type":"binary-expr","locations":[{"start":{"line":61,"column":13},"end":{"line":61,"column":38}},{"start":{"line":61,"column":42},"end":{"line":61,"column":57}}],"line":61},"4":{"loc":{"start":{"line":62,"column":19},"end":{"line":62,"column":56}},"type":"binary-expr","locations":[{"start":{"line":62,"column":19},"end":{"line":62,"column":50}},{"start":{"line":62,"column":54},"end":{"line":62,"column":56}}],"line":62},"5":{"loc":{"start":{"line":81,"column":2},"end":{"line":83,"column":3}},"type":"if","locations":[{"start":{"line":81,"column":2},"end":{"line":83,"column":3}},{"start":{},"end":{}}],"line":81},"6":{"loc":{"start":{"line":81,"column":6},"end":{"line":81,"column":40}},"type":"binary-expr","locations":[{"start":{"line":81,"column":6},"end":{"line":81,"column":12}},{"start":{"line":81,"column":16},"end":{"line":81,"column":28}},{"start":{"line":81,"column":32},"end":{"line":81,"column":40}}],"line":81},"7":{"loc":{"start":{"line":109,"column":4},"end":{"line":117,"column":5}},"type":"if","locations":[{"start":{"line":109,"column":4},"end":{"line":117,"column":5}},{"start":{},"end":{}}],"line":109},"8":{"loc":{"start":{"line":127,"column":4},"end":{"line":141,"column":5}},"type":"if","locations":[{"start":{"line":127,"column":4},"end":{"line":141,"column":5}},{"start":{},"end":{}}],"line":127},"9":{"loc":{"start":{"line":131,"column":6},"end":{"line":133,"column":7}},"type":"if","locations":[{"start":{"line":131,"column":6},"end":{"line":133,"column":7}},{"start":{},"end":{}}],"line":131},"10":{"loc":{"start":{"line":136,"column":6},"end":{"line":138,"column":7}},"type":"if","locations":[{"start":{"line":136,"column":6},"end":{"line":138,"column":7}},{"start":{},"end":{}}],"line":136},"11":{"loc":{"start":{"line":144,"column":4},"end":{"line":146,"column":5}},"type":"if","locations":[{"start":{"line":144,"column":4},"end":{"line":146,"column":5}},{"start":{},"end":{}}],"line":144},"12":{"loc":{"start":{"line":144,"column":8},"end":{"line":144,"column":68}},"type":"binary-expr","locations":[{"start":{"line":144,"column":8},"end":{"line":144,"column":34}},{"start":{"line":144,"column":38},"end":{"line":144,"column":68}}],"line":144},"13":{"loc":{"start":{"line":148,"column":13},"end":{"line":148,"column":72}},"type":"binary-expr","locations":[{"start":{"line":148,"column":13},"end":{"line":148,"column":17}},{"start":{"line":148,"column":22},"end":{"line":148,"column":71}}],"line":148},"14":{"loc":{"start":{"line":148,"column":22},"end":{"line":148,"column":71}},"type":"cond-expr","locations":[{"start":{"line":148,"column":40},"end":{"line":148,"column":54}},{"start":{"line":148,"column":57},"end":{"line":148,"column":71}}],"line":148},"15":{"loc":{"start":{"line":159,"column":2},"end":{"line":161,"column":3}},"type":"if","locations":[{"start":{"line":159,"column":2},"end":{"line":161,"column":3}},{"start":{},"end":{}}],"line":159},"16":{"loc":{"start":{"line":172,"column":4},"end":{"line":177,"column":5}},"type":"if","locations":[{"start":{"line":172,"column":4},"end":{"line":177,"column":5}},{"start":{},"end":{}}],"line":172},"17":{"loc":{"start":{"line":186,"column":4},"end":{"line":189,"column":5}},"type":"if","locations":[{"start":{"line":186,"column":4},"end":{"line":189,"column":5}},{"start":{},"end":{}}],"line":186},"18":{"loc":{"start":{"line":193,"column":4},"end":{"line":195,"column":5}},"type":"if","locations":[{"start":{"line":193,"column":4},"end":{"line":195,"column":5}},{"start":{},"end":{}}],"line":193},"19":{"loc":{"start":{"line":193,"column":8},"end":{"line":193,"column":74}},"type":"binary-expr","locations":[{"start":{"line":193,"column":8},"end":{"line":193,"column":34}},{"start":{"line":193,"column":38},"end":{"line":193,"column":74}}],"line":193},"20":{"loc":{"start":{"line":198,"column":25},"end":{"line":198,"column":112}},"type":"binary-expr","locations":[{"start":{"line":198,"column":25},"end":{"line":198,"column":51}},{"start":{"line":198,"column":55},"end":{"line":198,"column":99}},{"start":{"line":198,"column":103},"end":{"line":198,"column":112}}],"line":198},"21":{"loc":{"start":{"line":199,"column":24},"end":{"line":199,"column":103}},"type":"binary-expr","locations":[{"start":{"line":199,"column":24},"end":{"line":199,"column":50}},{"start":{"line":199,"column":54},"end":{"line":199,"column":97}},{"start":{"line":199,"column":101},"end":{"line":199,"column":103}}],"line":199},"22":{"loc":{"start":{"line":200,"column":24},"end":{"line":200,"column":104}},"type":"binary-expr","locations":[{"start":{"line":200,"column":24},"end":{"line":200,"column":50}},{"start":{"line":200,"column":54},"end":{"line":200,"column":96}},{"start":{"line":200,"column":100},"end":{"line":200,"column":104}}],"line":200},"23":{"loc":{"start":{"line":224,"column":4},"end":{"line":229,"column":5}},"type":"if","locations":[{"start":{"line":224,"column":4},"end":{"line":229,"column":5}},{"start":{},"end":{}}],"line":224},"24":{"loc":{"start":{"line":224,"column":8},"end":{"line":224,"column":49}},"type":"binary-expr","locations":[{"start":{"line":224,"column":8},"end":{"line":224,"column":17}},{"start":{"line":224,"column":21},"end":{"line":224,"column":33}},{"start":{"line":224,"column":37},"end":{"line":224,"column":49}}],"line":224},"25":{"loc":{"start":{"line":239,"column":4},"end":{"line":242,"column":5}},"type":"if","locations":[{"start":{"line":239,"column":4},"end":{"line":242,"column":5}},{"start":{},"end":{}}],"line":239},"26":{"loc":{"start":{"line":252,"column":4},"end":{"line":255,"column":5}},"type":"if","locations":[{"start":{"line":252,"column":4},"end":{"line":255,"column":5}},{"start":{},"end":{}}],"line":252},"27":{"loc":{"start":{"line":258,"column":4},"end":{"line":269,"column":5}},"type":"if","locations":[{"start":{"line":258,"column":4},"end":{"line":269,"column":5}},{"start":{},"end":{}}],"line":258},"28":{"loc":{"start":{"line":258,"column":8},"end":{"line":258,"column":74}},"type":"binary-expr","locations":[{"start":{"line":258,"column":8},"end":{"line":258,"column":34}},{"start":{"line":258,"column":38},"end":{"line":258,"column":74}}],"line":258},"29":{"loc":{"start":{"line":260,"column":6},"end":{"line":262,"column":7}},"type":"if","locations":[{"start":{"line":260,"column":6},"end":{"line":262,"column":7}},{"start":{},"end":{}}],"line":260},"30":{"loc":{"start":{"line":291,"column":4},"end":{"line":296,"column":5}},"type":"if","locations":[{"start":{"line":291,"column":4},"end":{"line":296,"column":5}},{"start":{},"end":{}}],"line":291},"31":{"loc":{"start":{"line":298,"column":4},"end":{"line":303,"column":5}},"type":"if","locations":[{"start":{"line":298,"column":4},"end":{"line":303,"column":5}},{"start":{},"end":{}}],"line":298},"32":{"loc":{"start":{"line":298,"column":8},"end":{"line":298,"column":80}},"type":"binary-expr","locations":[{"start":{"line":298,"column":8},"end":{"line":298,"column":21}},{"start":{"line":298,"column":25},"end":{"line":298,"column":53}},{"start":{"line":298,"column":57},"end":{"line":298,"column":80}}],"line":298},"33":{"loc":{"start":{"line":309,"column":6},"end":{"line":314,"column":7}},"type":"if","locations":[{"start":{"line":309,"column":6},"end":{"line":314,"column":7}},{"start":{},"end":{}}],"line":309},"34":{"loc":{"start":{"line":325,"column":6},"end":{"line":333,"column":7}},"type":"if","locations":[{"start":{"line":325,"column":6},"end":{"line":333,"column":7}},{"start":{},"end":{}}],"line":325},"35":{"loc":{"start":{"line":325,"column":10},"end":{"line":325,"column":54}},"type":"binary-expr","locations":[{"start":{"line":325,"column":10},"end":{"line":325,"column":20}},{"start":{"line":325,"column":24},"end":{"line":325,"column":54}}],"line":325},"36":{"loc":{"start":{"line":336,"column":6},"end":{"line":388,"column":7}},"type":"if","locations":[{"start":{"line":336,"column":6},"end":{"line":388,"column":7}},{"start":{"line":359,"column":13},"end":{"line":388,"column":7}}],"line":336},"37":{"loc":{"start":{"line":340,"column":18},"end":{"line":340,"column":62}},"type":"binary-expr","locations":[{"start":{"line":340,"column":18},"end":{"line":340,"column":34}},{"start":{"line":340,"column":38},"end":{"line":340,"column":62}}],"line":340},"38":{"loc":{"start":{"line":341,"column":22},"end":{"line":341,"column":87}},"type":"cond-expr","locations":[{"start":{"line":341,"column":59},"end":{"line":341,"column":79}},{"start":{"line":341,"column":82},"end":{"line":341,"column":87}}],"line":341},"39":{"loc":{"start":{"line":345,"column":8},"end":{"line":358,"column":9}},"type":"if","locations":[{"start":{"line":345,"column":8},"end":{"line":358,"column":9}},{"start":{"line":352,"column":15},"end":{"line":358,"column":9}}],"line":345},"40":{"loc":{"start":{"line":356,"column":18},"end":{"line":356,"column":62}},"type":"binary-expr","locations":[{"start":{"line":356,"column":18},"end":{"line":356,"column":34}},{"start":{"line":356,"column":38},"end":{"line":356,"column":62}}],"line":356},"41":{"loc":{"start":{"line":366,"column":18},"end":{"line":366,"column":42}},"type":"binary-expr","locations":[{"start":{"line":366,"column":18},"end":{"line":366,"column":34}},{"start":{"line":366,"column":38},"end":{"line":366,"column":42}}],"line":366},"42":{"loc":{"start":{"line":367,"column":22},"end":{"line":367,"column":87}},"type":"cond-expr","locations":[{"start":{"line":367,"column":59},"end":{"line":367,"column":79}},{"start":{"line":367,"column":82},"end":{"line":367,"column":87}}],"line":367},"43":{"loc":{"start":{"line":373,"column":8},"end":{"line":387,"column":9}},"type":"if","locations":[{"start":{"line":373,"column":8},"end":{"line":387,"column":9}},{"start":{"line":380,"column":15},"end":{"line":387,"column":9}}],"line":373},"44":{"loc":{"start":{"line":392,"column":4},"end":{"line":405,"column":5}},"type":"if","locations":[{"start":{"line":392,"column":4},"end":{"line":405,"column":5}},{"start":{},"end":{}}],"line":392},"45":{"loc":{"start":{"line":392,"column":8},"end":{"line":392,"column":74}},"type":"binary-expr","locations":[{"start":{"line":392,"column":8},"end":{"line":392,"column":34}},{"start":{"line":392,"column":38},"end":{"line":392,"column":74}}],"line":392},"46":{"loc":{"start":{"line":394,"column":6},"end":{"line":396,"column":7}},"type":"if","locations":[{"start":{"line":394,"column":6},"end":{"line":396,"column":7}},{"start":{},"end":{}}],"line":394},"47":{"loc":{"start":{"line":399,"column":8},"end":{"line":401,"column":9}},"type":"if","locations":[{"start":{"line":399,"column":8},"end":{"line":401,"column":9}},{"start":{},"end":{}}],"line":399},"48":{"loc":{"start":{"line":424,"column":4},"end":{"line":429,"column":5}},"type":"if","locations":[{"start":{"line":424,"column":4},"end":{"line":429,"column":5}},{"start":{},"end":{}}],"line":424},"49":{"loc":{"start":{"line":435,"column":4},"end":{"line":442,"column":5}},"type":"if","locations":[{"start":{"line":435,"column":4},"end":{"line":442,"column":5}},{"start":{},"end":{}}],"line":435},"50":{"loc":{"start":{"line":445,"column":4},"end":{"line":527,"column":5}},"type":"if","locations":[{"start":{"line":445,"column":4},"end":{"line":527,"column":5}},{"start":{"line":524,"column":11},"end":{"line":527,"column":5}}],"line":445},"51":{"loc":{"start":{"line":445,"column":8},"end":{"line":445,"column":67}},"type":"binary-expr","locations":[{"start":{"line":445,"column":8},"end":{"line":445,"column":16}},{"start":{"line":445,"column":20},"end":{"line":445,"column":43}},{"start":{"line":445,"column":47},"end":{"line":445,"column":67}}],"line":445},"52":{"loc":{"start":{"line":449,"column":6},"end":{"line":453,"column":7}},"type":"if","locations":[{"start":{"line":449,"column":6},"end":{"line":453,"column":7}},{"start":{"line":451,"column":13},"end":{"line":453,"column":7}}],"line":449},"53":{"loc":{"start":{"line":465,"column":6},"end":{"line":467,"column":7}},"type":"if","locations":[{"start":{"line":465,"column":6},"end":{"line":467,"column":7}},{"start":{},"end":{}}],"line":465},"54":{"loc":{"start":{"line":474,"column":21},"end":{"line":474,"column":44}},"type":"cond-expr","locations":[{"start":{"line":474,"column":31},"end":{"line":474,"column":36}},{"start":{"line":474,"column":39},"end":{"line":474,"column":44}}],"line":474},"55":{"loc":{"start":{"line":485,"column":8},"end":{"line":488,"column":9}},"type":"if",
[...]
{"line":361,"column":42}},"139":{"start":{"line":364,"column":40},"end":{"line":364,"column":68}},"140":{"start":{"line":365,"column":10},"end":{"line":369,"column":16}},"141":{"start":{"line":365,"column":115},"end":{"line":369,"column":11}},"142":{"start":{"line":372,"column":10},"end":{"line":372,"column":62}},"143":{"start":{"line":374,"column":36},"end":{"line":459,"column":18}},"144":{"start":{"line":375,"column":12},"end":{"line":375,"column":20}},"145":{"start":{"line":378,"column":12},"end":{"line":378,"column":64}},"146":{"start":{"line":381,"column":12},"end":{"line":458,"column":13}},"147":{"start":{"line":382,"column":14},"end":{"line":382,"column":47}},"148":{"start":{"line":385,"column":14},"end":{"line":388,"column":15}},"149":{"start":{"line":386,"column":16},"end":{"line":386,"column":92}},"150":{"start":{"line":387,"column":16},"end":{"line":387,"column":64}},"151":{"start":{"line":390,"column":14},"end":{"line":390,"column":105}},"152":{"start":{"line":391,"column":14},"end":{"line":394,"column":20}},"153":{"start":{"line":391,"column":110},"end":{"line":394,"column":15}},"154":{"start":{"line":397,"column":14},"end":{"line":431,"column":15}},"155":{"start":{"line":398,"column":16},"end":{"line":398,"column":120}},"156":{"start":{"line":401,"column":16},"end":{"line":427,"column":17}},"157":{"start":{"line":402,"column":18},"end":{"line":402,"column":105}},"158":{"start":{"line":403,"column":58},"end":{"line":407,"column":40}},"159":{"start":{"line":409,"column":18},"end":{"line":424,"column":19}},"160":{"start":{"line":410,"column":20},"end":{"line":410,"column":87}},"161":{"start":{"line":411,"column":25},"end":{"line":424,"column":19}},"162":{"start":{"line":412,"column":20},"end":{"line":412,"column":97}},"163":{"start":{"line":415,"column":20},"end":{"line":419,"column":24}},"164":{"start":{"line":415,"column":71},"end":{"line":419,"column":21}},"165":{"start":{"line":421,"column":20},"end":{"line":421,"column":104}},"166":{"start":{"line":423,"column":20},"end":{"line":423,"column":96}},"167":{"start":{"line":426,"column":18},"end":{"line":426,"column":92}},"168":{"start":{"line":434,"column":14},"end":{"line":443,"column":15}},"169":{"start":{"line":434,"column":27},"end":{"line":434,"column":28}},"170":{"start":{"line":435,"column":16},"end":{"line":442,"column":17}},"171":{"start":{"line":436,"column":18},"end":{"line":436,"column":133}},"172":{"start":{"line":437,"column":18},"end":{"line":439,"column":21}},"173":{"start":{"line":440,"column":18},"end":{"line":440,"column":48}},"174":{"start":{"line":441,"column":18},"end":{"line":441,"column":25}},"175":{"start":{"line":446,"column":36},"end":{"line":446,"column":129}},"176":{"start":{"line":448,"column":14},"end":{"line":457,"column":15}},"177":{"start":{"line":450,"column":16},"end":{"line":450,"column":116}},"178":{"start":{"line":453,"column":16},"end":{"line":455,"column":19}},"179":{"start":{"line":456,"column":16},"end":{"line":456,"column":46}},"180":{"start":{"line":462,"column":8},"end":{"line":462,"column":71}},"181":{"start":{"line":463,"column":8},"end":{"line":463,"column":84}},"182":{"start":{"line":468,"column":4},"end":{"line":472,"column":7}},"183":{"start":{"line":469,"column":8},"end":{"line":469,"column":112}},"184":{"start":{"line":471,"column":8},"end":{"line":471,"column":78}},"185":{"start":{"line":477,"column":0},"end":{"line":477,"column":44}}},"fnMap":{"0":{"name":"(anonymous_0)","decl":{"start":{"line":6,"column":31},"end":{"line":6,"column":32}},"loc":{"start":{"line":6,"column":90},"end":{"line":475,"column":1}},"line":6},"1":{"name":"(anonymous_1)","decl":{"start":{"line":8,"column":22},"end":{"line":8,"column":23}},"loc":{"start":{"line":8,"column":34},"end":{"line":474,"column":3}},"line":8},"2":{"name":"(anonymous_2)","decl":{"start":{"line":16,"column":29},"end":{"line":16,"column":30}},"loc":{"start":{"line":16,"column":61},"end":{"line":149,"column":5}},"line":16},"3":{"name":"(anonymous_3)","decl":{"start":{"line":33,"column":68},"end":{"line":33,"column":69}},"loc":{"start":{"line":33,"column":73},"end":{"line":33,"column":114}},"line":33},"4":{"name":"(anonymous_4)","decl":{"start":{"line":121,"column":53},"end":{"line":121,"column":54}},"loc":{"start":{"line":121,"column":59},"end":{"line":124,"column":11}},"line":121},"5":{"name":"(anonymous_5)","decl":{"start":{"line":136,"column":40},"end":{"line":136,"column":41}},"loc":{"start":{"line":136,"column":45},"end":{"line":136,"column":53}},"line":136},"6":{"name":"(anonymous_6)","decl":{"start":{"line":139,"column":54},"end":{"line":139,"column":55}},"loc":{"start":{"line":139,"column":59},"end":{"line":139,"column":67}},"line":139},"7":{"name":"(anonymous_7)","decl":{"start":{"line":152,"column":30},"end":{"line":152,"column":31}},"loc":{"start":{"line":152,"column":48},"end":{"line":178,"column":5}},"line":152},"8":{"name":"(anonymous_8)","decl":{"start":{"line":158,"column":10},"end":{"line":158,"column":11}},"loc":{"start":{"line":158,"column":15},"end":{"line":158,"column":39}},"line":158},"9":{"name":"(anonymous_9)","decl":{"start":{"line":181,"column":28},"end":{"line":181,"column":29}},"loc":{"start":{"line":181,"column":34},"end":{"line":205,"column":5}},"line":181},"10":{"name":"(anonymous_10)","decl":{"start":{"line":185,"column":39},"end":{"line":185,"column":40}},"loc":{"start":{"line":185,"column":51},"end":{"line":204,"column":7}},"line":185},"11":{"name":"(anonymous_11)","decl":{"start":{"line":189,"column":61},"end":{"line":189,"column":62}},"loc":{"start":{"line":189,"column":66},"end":{"line":189,"column":90}},"line":189},"12":{"name":"(anonymous_12)","decl":{"start":{"line":212,"column":23},"end":{"line":212,"column":24}},"loc":{"start":{"line":212,"column":48},"end":{"line":231,"column":5}},"line":212},"13":{"name":"(anonymous_13)","decl":{"start":{"line":218,"column":10},"end":{"line":218,"column":11}},"loc":{"start":{"line":218,"column":15},"end":{"line":218,"column":39}},"line":218},"14":{"name":"(anonymous_14)","decl":{"start":{"line":224,"column":34},"end":{"line":224,"column":35}},"loc":{"start":{"line":224,"column":49},"end":{"line":229,"column":9}},"line":224},"15":{"name":"(anonymous_15)","decl":{"start":{"line":234,"column":24},"end":{"line":234,"column":25}},"loc":{"start":{"line":234,"column":50},"end":{"line":253,"column":5}},"line":234},"16":{"name":"(anonymous_16)","decl":{"start":{"line":240,"column":10},"end":{"line":240,"column":11}},"loc":{"start":{"line":240,"column":15},"end":{"line":240,"column":39}},"line":240},"17":{"name":"(anonymous_17)","decl":{"start":{"line":246,"column":34},"end":{"line":246,"column":35}},"loc":{"start":{"line":246,"column":49},"end":{"line":251,"column":9}},"line":246},"18":{"name":"(anonymous_18)","decl":{"start":{"line":256,"column":31},"end":{"line":256,"column":32}},"loc":{"start":{"line":256,"column":60},"end":{"line":275,"column":5}},"line":256},"19":{"name":"(anonymous_19)","decl":{"start":{"line":262,"column":10},"end":{"line":262,"column":11}},"loc":{"start":{"line":262,"column":15},"end":{"line":262,"column":39}},"line":262},"20":{"name":"(anonymous_20)","decl":{"start":{"line":268,"column":34},"end":{"line":268,"column":35}},"loc":{"start":{"line":268,"column":49},"end":{"line":273,"column":9}},"line":268},"21":{"name":"(anonymous_21)","decl":{"start":{"line":282,"column":28},"end":{"line":282,"column":29}},"loc":{"start":{"line":282,"column":63},"end":{"line":465,"column":5}},"line":282},"22":{"name":"(anonymous_22)","decl":{"start":{"line":307,"column":57},"end":{"line":307,"column":58}},"loc":{"start":{"line":307,"column":62},"end":{"line":307,"column":81}},"line":307},"23":{"name":"(anonymous_23)","decl":{"start":{"line":318,"column":9},"end":{"line":318,"column":10}},"loc":{"start":{"line":318,"column":21},"end":{"line":333,"column":9}},"line":318},"24":{"name":"(anonymous_24)","decl":{"start":{"line":343,"column":57},"end":{"line":343,"column":58}},"loc":{"start":{"line":343,"column":62},"end":{"line":343,"column":71}},"line":343},"25":{"name":"(anonymous_25)","decl":{"start":{"line":356,"column":46},"end":{"line":356,"column":47}},"loc":{"start":{"line":356,"column":51},"end":{"line":356,"column":59}},"line":356},"26":{"name":"(anonymous_26)","decl":{"start":{"line":365,"column":109},"end":{"line":365,"column":110}},"loc":{"start":{"line":365,"column":115},"end":{"line":369,"column":11}},"line":365},"27":{"name":"(anonymous_27)","decl":{"start":{"line":374,"column":48},"end":{"line":374,"column":49}},"loc":{"start":{"line":374,"column":60},"end":{"line":459,"column":11}},"line":374},"28":{"name":"(anonymous_28)","decl":{"start":{"line":391,"column":104},"end":{"line":391,"column":105}},"loc":{"start":{"line":391,"column":110},"end":{"line":394,"column":15}},"line":391},"29":{"name":"(anonymous_29)","decl":{"start":{"line":415,"column":65},"end":{"line":415,"column":66}},"loc":{"start":{"line":415,"column":71},"end":{"line":419,"column":21}},"line":415},"30":{"name":"(anonymous_30)","decl":{"start":{"line":468,"column":31},"end":{"line":468,"column":32}},"loc":{"start":{"line":468,"column":57},"end":{"line":472,"column":5}},"line":468}},"branchMap":{"0":{"loc":{"start":{"line":17,"column":6},"end":{"line":24,"column":7}},"type":"if","locations":[{"start":{"line":17,"column":6},"end":{"line":24,"column":7}},{"start":{},"end":{}}],"line":17},"1":{"loc":{"start":{"line":17,"column":10},"end":{"line":17,"column":30}},"type":"binary-expr","locations":[{"start":{"line":17,"column":10},"end":{"line":17,"column":19}},{"start":{"line":17,"column":23},"end":{"line":17,"column":30}}],"line":17},"2":{"loc":{"start":{"line":34,"column":8},"end":{"line":41,"column":9}},"type":"if","locations":[{"start":{"line":34,"column":8},"end":{"line":41,"column":9}},{"start":{},"end":{}}],"line":34},"3":{"loc":{"start":{"line":44,"column":8},"end":{"line":51,"column":9}},"type":"if","locations":[{"start":{"line":44,"column":8},"end":{"line":51,"column":9}},{"start":{},"end":{}}],"line":44},"4":{"loc":{"start":{"line":61,"column":10},"end":{"line":72,"column":11}},"type":"if","locations":[{"start":{"line":61,"column":10},"end":{"line":72,"column":11}},{"start":{},"end":{}}],"line":61},"5":{"loc":{"start":{"line":61,"column":14},"end":{"line":61,"column":36}},"type":"binary-expr","locations":[{"start":{"line":61,"column":14},"end":{"line":61,"column":24}},{"start":{"line":61,"column":28},"end":{"line":61,"column":36}}],"line":61},"6":{"loc":{"start":{"line":64,"column":12},"end":{"line":71,"column":13}},"type":"if","locations":[{"start":{"line":64,"column":12},"end":{"line":71,"column":13}},{"start":{},"end":{}}],"line":64},"7":{"loc":{"start":{"line":64,"column":16},"end":{"line":64,"column":91}},"type":"binary-expr","locations":[{"start":{"line":64,"column":16},"end":{"line":64,"column":35}},{"start":{"line":64,"column":39},"end":{"line":64,"column":91}}],"line":64},"8":{"loc":{"start":{"line":88,"column":10},"end":{"line":90,"column":11}},"type":"if","locations":[{"start":{"line":88,"column":10},"end":{"line":90,"column":11}},{"start":{},"end":{}}],"line":88},"9":{"loc":{"start":{"line":88,"column":14},"end":{"line":88,"column":58}},"type":"binary-expr","locations":[{"start":{"line":88,"column":14},"end":{"line":88,"column":24}},{"start":{"line":88,"column":28},"end":{"line":88,"column":58}}],"line":88},"10":{"loc":{"start":{"line":93,"column":10},"end":{"line":108,"column":11}},"type":"if","locations":[{"start":{"line":93,"column":10},"end":{"line":108,"column":11}},{"start":{},"end":{}}],"line":93},"11":{"loc":{"start":{"line":103,"column":12},"end":{"line":107,"column":13}},"type":"if","locations":[{"start":{"line":103,"column":12},"end":{"line":107,"column":13}},{"start":{"line":105,"column":19},"end":{"line":107,"column":13}}],"line":103},"12":{"loc":{"start":{"line":134,"column":8},"end":{"line":141,"column":9}},"type":"if","locations":[{"start":{"line":134,"column":8},"end":{"line":141,"column":9}},{"start":{},"end":{}}],"line":134},"13":{"loc":{"start":{"line":155,"column":6},"end":{"line":174,"column":7}},"type":"if","locations":[{"start":{"line":155,"column":6},"end":{"line":174,"column":7}},{"start":{},"end":{}}],"line":155},"14":{"loc":{"start":{"line":161,"column":8},"end":{"line":173,"column":9}},"type":"if","locations":[{"start":{"line":161,"column":8},"end":{"line":173,"column":9}},{"start":{},"end":{}}],"line":161},"15":{"loc":{"start":{"line":191,"column":8},"end":{"line":203,"column":9}},"type":"if","locations":[{"start":{"line":191,"column":8},"end":{"line":203,"column":9}},{"start":{},"end":{}}],"line":191},"16":{"loc":{"start":{"line":216,"column":6},"end":{"line":230,"column":7}},"type":"if","locations":[{"start":{"line":216,"column":6},"end":{"line":230,"column":7}},{"start":{},"end":{}}],"line":216},"17":{"loc":{"start":{"line":238,"column":6},"end":{"line":252,"column":7}},"type":"if","locations":[{"start":{"line":238,"column":6},"end":{"line":252,"column":7}},{"start":{},"end":{}}],"line":238},"18":{"loc":{"start":{"line":260,"column":6},"end":{"line":274,"column":7}},"type":"if","locations":[{"start":{"line":260,"column":6},"end":{"line":274,"column":7}},{"start":{},"end":{}}],"line":260},"19":{"loc":{"start":{"line":286,"column":8},"end":{"line":290,"column":9}},"type":"if","locations":[{"start":{"line":286,"column":8},"end":{"line":290,"column":9}},{"start":{},"end":{}}],"line":286},"20":{"loc":{"start":{"line":286,"column":12},"end":{"line":286,"column":32}},"type":"binary-expr","locations":[{"start":{"line":286,"column":12},"end":{"line":286,"column":21}},{"start":{"line":286,"column":25},"end":{"line":286,"column":32}}],"line":286},"21":{"loc":{"start":{"line":293,"column":8},"end":{"line":297,"column":9}},"type":"if","locations":[{"start":{"line":293,"column":8},"end":{"line":297,"column":9}},{"start":{},"end":{}}],"line":293},"22":{"loc":{"start":{"line":300,"column":8},"end":{"line":304,"column":9}},"type":"if","locations":[{"start":{"line":300,"column":8},"end":{"line":304,"column":9}},{"start":{},"end":{}}],"line":300},"23":{"loc":{"start":{"line":300,"column":12},"end":{"line":300,"column":117}},"type":"binary-expr","locations":[{"start":{"line":300,"column":12},"end":{"line":300,"column":36}},{"start":{"line":300,"column":40},"end":{"line":300,"column":79}},{"start":{"line":300,"column":83},"end":{"line":300,"column":117}}],"line":300},"24":{"loc":{"start":{"line":308,"column":8},"end":{"line":312,"column":9}},"type":"if","locations":[{"start":{"line":308,"column":8},"end":{"line":312,"column":9}},{"start":{},"end":{}}],"line":308},"25":{"loc":{"start":{"line":327,"column":12},"end":{"line":329,"column":13}},"type":"if","locations":[{"start":{"line":327,"column":12},"end":{"line":329,"column":13}},{"start":{},"end":{}}],"line":327},"26":{"loc":{"start":{"line":348,"column":8},"end":{"line":460,"column":9}},"type":"if","locations":[{"start":{"line":348,"column":8},"end":{"line":460,"column":9}},{"start":{},"end":{}}],"line":348},"27":{"loc":{"start":{"line":348,"column":12},"end":{"line":348,"column":96}},"type":"binary-expr","locations":[{"start":{"line":348,"column":12},"end":{"line":348,"column":41}},{"start":{"line":348,"column":45},"end":{"line":348,"column":96}}],"line":348},"28":{"loc":{"start":{"line":381,"column":12},"end":{"line":458,"column":13}},"type":"if","locations":[{"start":{"line":381,"column":12},"end":{"line":458,"column":13}},{"start":{},"end":{}}],"line":381},"29":{"loc":{"start":{"line":385,"column":14},"end":{"line":388,"column":15}},"type":"if","locations":[{"start":{"line":385,"column":14},"end":{"line":388,"column":15}},{"start":{},"end":{}}],"line":385},"30":{"loc":{"start":{"line":385,"column":18},"end":{"line":385,"column":125}},"type":"binary-expr","locations":[{"start":{"line":385,"column":18},"end":{"line":385,"column":42}},{"start":{"line":385,"column":46},"end":{"line":385,"column":85}},{"start":{"line":385,"column":89},"end":{"line":385,"column":125}}],"line":385},"31":{"loc":{"start":{"line":397,"column":14},"end":{"line":431,"column":15}},"type":"if","locations":[{"start":{"line":397,"column":14},"end":{"line":431,"column":15}},{"start":{},"end":{}}],"line":397},"32":{"loc":{"start":{"line":397,"column":18},"end":{"line":397,"column":123}},"type":"binary-expr","locations":[{"start":{"line":397,"column":18},"end":{"line":397,"column":42}},{"start":{"line":397,"column":46},"end":{"line":397,"column":85}},{"start":{"line":397,"column":89},"end":{"line":397,"column":123}}],"line":397},"33":{"loc":{"start":{"line":409,"column":18},"end":{"line":424,"column":19}},"type":"if","locations":[{"start":{"line":409,"column":18},"end":{"line":424,"column":19}},{"start":{"line":411,"column":25},"end":{"line":424,"column":19}}],"line":409},"34":{"loc":{"start":{"line":411,"column":25},"end":{"line":424,"column":19}},"type":"if","locations":[{"start":{"line":411,"column":25},"end":{"line":424,"column":19}},{"start":{"line":422,"column":25},"end":{"line":424,"column":19}}],"line":411},"35":{"loc":{"start":{"line":411,"column":29},"end":{"line":411,"column":73}},"type":"binary-expr","locations":[{"start":{"line":411,"column":29},"end":{"line":411,"column":43}},{"start":{"line":411,"column":47},"end":{"line":411,"column":73}}],"line":411},"36":{"loc":{"start":{"line":435,"column":16},"end":{"line":442,"column":17}},"type":"if","locations":[{"start":{"line":435,"column":16},"end":{"line":442,"column":17}},{"start":{},"end":{}}],"line":435},"37":{"loc":{"start":{"line":435,"column":20},"end":{"line":435,"column":85}},"type":"binary-expr","locations":[{"start":{"line":435,"column":20},"end":{"line":435,"column":47}},{"start":{"line":435,"column":51},"end":{"line":435,"column":85}}],"line":435},"38":{"loc":{"start":{"line":448,"column":14},"end":{"line":457,"column":15}},"type":"if","locations":[{"start":{"line":448,"column":14},"end":{"line":457,"column":15}},{"start":{"line":451,"column":21},"end":{"line":457,"column":15}}],"line":448}},"s":{"0":0,"1":0,"2":0,"3":0,"4":0,"5":0,"6":0,"7":0,"8":0,"9":0,"10":0,"11":0,"12":0,"13":0,"14":0,"15":0,"16":0,"17":0,"18":0,"19":0,"20":0,"21":0,"22":0,"23":0,"24":0,"25":0,"26":0,"27":0,"28":0,"29":0,"30":0,"31":0,"32":0,"33":0,"34":0,"35":0,"36":0,"37":0,"38":0,"39":0,"40":0,"41":0,"42":0,"43":0,"44":0,"45":0,"46":0,"47":0,"48":0,"49":0,"50":0,"51":0,"52":0,"53":0,"54":0,"55":0,"56":0,"57":0,"58":0,"59":0,"60":0,"61":0,"62":0,"63":0,"64":0,"65":0,"66":0,"67":0,"68":0,"69":0,"70":0,"71":0,"72":0,"73":0,"74":0,"75":0,"76":0,"77":0,"78":0,"79":0,"80":0,"81":0,"82":0,"83":0,"84":0,"85":0,"86":0,"87":0,"88":0,"89":0,"90":0,"91":0,"92":0,"93":0,"94":0,"95":0,"96":0,"97":0,"98":0,"99":0,"100":0,"101":0,"102":0,"103":0,"104":0,"105":0,"106":0,"107":0,"108":0,"109":0,"110":0,"111":0,"112":0,"113":0,"114":0,"115":0,"116":0,"117":0,"118":0,"119":0,"120":0,"121":0,"122":0,"123":0,"124":0,"125":0,"126":0,"127":0,"128":0,"129":0,"130":0,"131":0,"132":0,"133":0,"134":0,"135":0,"136":0,"137":0,"138":0,"139":0,"140":0,"141":0,"142":0,"143":0,"144":0,"145":0,"146":0,"147":0,"148":0,"149":0,"150":0,"151":0,"152":0,"153":0,"154":0,"155":0,"156":0,"157":0,"158":0,"159":0,"160":0,"161":0,"162":0,"163":0,"164":0,"165":0,"166":0,"167":0,"168":0,"169":0,"170":0,"171":0,"172":0,"173":0,"174":0,"175":0,"176":0,"177":0,"178":0,"179":0,"180":0,"181":0,"182":0,"183":0,"184":0,"185":0},"f":{"0":0,"1":0,"2":0,"3":0,"4":0,"5":0,"6":0,"7":0,"8":0,"9":0,"10":0,"11":0,"12":0,"13":0,"14":0,"15":0,"16":0,"17":0,"18":0,"19":0,"20":0,"21":0,"22":0,"23":0,"24":0,"25":0,"26":0,"27":0,"28":0,"29":0,"30":0},"b":{"0":[0,0],"1":[0,0],"2":[0,0],"3":[0,0],"4":[0,0],"5":[0,0],"6":[0,0],"7":[0,0],"8":[0,0],"9":[0,0],"10":[0,0],"11":[0,0],"12":[0,0],"13":[0,0],"14":[0,0],"15":[0,0],"16":[0,0],"17":[0,0],"18":[0,0],"19":[0,0],"20":[0,0],"21":[0,0],"22":[0,0],"23":[0,0,0],"24":[0,0],"25":[0,0],"26":[0,0],"27":[0,0],"28":[0,0],"29":[0,0],"30":[0,0,0],"31":[0,0],"32":[0,0,0],"33":[0,0],"34":[0,0],"35":[0,0],"36":[0,0],"37":[0,0],"38":[0,0]}}
}
